#
# There is insufficient memory for the Java Runtime Environment to continue.
# Native memory allocation (mmap) failed to map 268959744 bytes for committing reserved memory.
# Possible reasons:
#   The system is out of physical RAM or swap space
#   In 32 bit mode, the process size limit was hit
# Possible solutions:
#   Reduce memory load on the system
#   Increase physical memory or swap space
#   Check if swap backing store is full
#   Use 64 bit Java on a 64 bit OS
#   Decrease Java heap size (-Xmx/-Xms)
#   Decrease number of Java threads
#   Decrease Java thread stack sizes (-Xss)
#   Set larger code cache with -XX:ReservedCodeCacheSize=
# This output file may be truncated or incomplete.
#
#  Out of Memory Error (os_linux.cpp:2640), pid=3645, tid=0x00007f8d75ef4700
#
# JRE version: Java(TM) SE Runtime Environment (8.0_181-b13) (build 1.8.0_181-b13)
# Java VM: Java HotSpot(TM) 64-Bit Server VM (25.181-b13 mixed mode linux-amd64 compressed oops)
# Failed to write core dump. Core dumps have been disabled. To enable core dumping, try "ulimit -c unlimited" before starting Java again
#

---------------  T H R E A D  ---------------

Current thread (0x00007f8d3d9f2000):  JavaThread "http-nio-8011-exec-7" daemon [_thread_in_vm, id=3690, stack(0x00007f8d75df4000,0x00007f8d75ef5000)]

Stack: [0x00007f8d75df4000,0x00007f8d75ef5000],  sp=0x00007f8d75ef0320,  free space=1008k
Native frames: (J=compiled Java code, j=interpreted, Vv=VM code, C=native code)
V  [libjvm.so+0xad21aa]  VMError::report_and_die()+0x2ba
V  [libjvm.so+0x5022db]  report_vm_out_of_memory(char const*, int, unsigned long, VMErrorType, char const*)+0x8b
V  [libjvm.so+0x92fe33]  os::Linux::commit_memory_impl(char*, unsigned long, bool)+0x123
V  [libjvm.so+0x930059]  os::pd_commit_memory(char*, unsigned long, unsigned long, bool)+0x29
V  [libjvm.so+0x9272ba]  os::commit_memory(char*, unsigned long, unsigned long, bool)+0x2a
V  [libjvm.so+0x99d2e3]  PSVirtualSpace::expand_by(unsigned long)+0x53
V  [libjvm.so+0x98dba0]  PSOldGen::expand(unsigned long)+0x170
V  [libjvm.so+0x98de5a]  PSOldGen::expand_and_allocate(unsigned long)+0x1a
V  [libjvm.so+0x98df7b]  PSOldGen::allocate(unsigned long)+0xcb
V  [libjvm.so+0x951a1e]  ParallelScavengeHeap::mem_allocate(unsigned long, bool*)+0xfe
V  [libjvm.so+0xa9797e]  TypeArrayKlass::allocate_common(int, bool, Thread*)+0x2de
V  [libjvm.so+0x9c41d7]  OptoRuntime::new_array_nozero_C(Klass*, int, JavaThread*)+0x27
v  ~RuntimeStub::_new_array_nozero_Java
J 2944 C2 java.lang.AbstractStringBuilder.append([CII)Ljava/lang/AbstractStringBuilder; (40 bytes) @ 0x00007f8d9899cc6c [0x00007f8d9899c9c0+0x2ac]
J 5520 C2 java.io.BufferedReader.readLine(Z)Ljava/lang/String; (304 bytes) @ 0x00007f8d9863f9b4 [0x00007f8d9863f720+0x294]
J 1024 C1 java.io.BufferedReader.readLine()Ljava/lang/String; (6 bytes) @ 0x00007f8d982ee03c [0x00007f8d982edf40+0xfc]
j  indi.monkey.webapp.commons.socket.SocketClient.sendMsg(Ljava/lang/String;)Ljava/lang/String;+73
j  indi.monkey.webapp.proxy.local.SpiderProxyImpl.sendData(Lindi/monkey/webapp/commons/dto/Request;)Ljava/lang/String;+61
j  indi.monkey.webapp.proxy.local.SpiderProxyImpl.taobaoGoods(Lindi/monkey/webapp/commons/dto/Request;)Lindi/monkey/webapp/commons/dto/SocketResponse;+2
j  indi.monkey.webapp.service.impl.SpiderServiveImpl.taobaoGoods(Lindi/monkey/webapp/commons/dto/Request;)Lindi/monkey/webapp/commons/dto/Response;+5
v  ~StubRoutines::call_stub
V  [libjvm.so+0x697a76]  JavaCalls::call_helper(JavaValue*, methodHandle*, JavaCallArguments*, Thread*)+0x1056
V  [libjvm.so+0x9a6737]  Reflection::invoke(instanceKlassHandle, methodHandle, Handle, bool, objArrayHandle, BasicType, objArrayHandle, bool, Thread*)+0x5d7
V  [libjvm.so+0x9a9e47]  Reflection::invoke_method(oopDesc*, Handle, objArrayHandle, Thread*)+0x147
V  [libjvm.so+0x729c7b]  JVM_InvokeMethod+0x26b
J 1783  sun.reflect.NativeMethodAccessorImpl.invoke0(Ljava/lang/reflect/Method;Ljava/lang/Object;[Ljava/lang/Object;)Ljava/lang/Object; (0 bytes) @ 0x00007f8d9853302d [0x00007f8d98532f40+0xed]
J 1782 C1 sun.reflect.NativeMethodAccessorImpl.invoke(Ljava/lang/Object;[Ljava/lang/Object;)Ljava/lang/Object; (104 bytes) @ 0x00007f8d98537b8c [0x00007f8d98536a00+0x118c]
J 2325 C2 sun.reflect.DelegatingMethodAccessorImpl.invoke(Ljava/lang/Object;[Ljava/lang/Object;)Ljava/lang/Object; (10 bytes) @ 0x00007f8d986adba4 [0x00007f8d986adb60+0x44]
J 4430 C1 java.lang.reflect.Method.invoke(Ljava/lang/Object;[Ljava/lang/Object;)Ljava/lang/Object; (62 bytes) @ 0x00007f8d982f9a4c [0x00007f8d982f9660+0x3ec]
j  indi.monkey.webapp.service.impl.BaseServiceImpl.service(Lindi/monkey/webapp/commons/dto/Request;)Lindi/monkey/webapp/commons/dto/Response;+64
j  indi.monkey.webapp.web.controller.BaseController.service(Lindi/monkey/webapp/commons/dto/Request;)Lindi/monkey/webapp/commons/dto/Response;+99
j  indi.monkey.webapp.web.controller.SpiderController.spider(Ljava/lang/String;Ljavax/servlet/http/HttpServletRequest;)Lindi/monkey/webapp/commons/dto/Response;+8
v  ~StubRoutines::call_stub
V  [libjvm.so+0x697a76]  JavaCalls::call_helper(JavaValue*, methodHandle*, JavaCallArguments*, Thread*)+0x1056
V  [libjvm.so+0x9a6737]  Reflection::invoke(instanceKlassHandle, methodHandle, Handle, bool, objArrayHandle, BasicType, objArrayHandle, bool, Thread*)+0x5d7
V  [libjvm.so+0x9a9e47]  Reflection::invoke_method(oopDesc*, Handle, objArrayHandle, Thread*)+0x147
V  [libjvm.so+0x729c7b]  JVM_InvokeMethod+0x26b
J 1783  sun.reflect.NativeMethodAccessorImpl.invoke0(Ljava/lang/reflect/Method;Ljava/lang/Object;[Ljava/lang/Object;)Ljava/lang/Object; (0 bytes) @ 0x00007f8d9853302d [0x00007f8d98532f40+0xed]
J 1782 C1 sun.reflect.NativeMethodAccessorImpl.invoke(Ljava/lang/Object;[Ljava/lang/Object;)Ljava/lang/Object; (104 bytes) @ 0x00007f8d98537b8c [0x00007f8d98536a00+0x118c]
J 2325 C2 sun.reflect.DelegatingMethodAccessorImpl.invoke(Ljava/lang/Object;[Ljava/lang/Object;)Ljava/lang/Object; (10 bytes) @ 0x00007f8d986adba4 [0x00007f8d986adb60+0x44]
J 4430 C1 java.lang.reflect.Method.invoke(Ljava/lang/Object;[Ljava/lang/Object;)Ljava/lang/Object; (62 bytes) @ 0x00007f8d982f9a4c [0x00007f8d982f9660+0x3ec]
j  org.springframework.web.method.support.InvocableHandlerMethod.doInvoke([Ljava/lang/Object;)Ljava/lang/Object;+16
j  org.springframework.web.method.support.InvocableHandlerMethod.invokeForRequest(Lorg/springframework/web/context/request/NativeWebRequest;Lorg/springframework/web/method/support/ModelAndViewContainer;[Ljava/lang/Object;)Ljava/lang/Object;+75
j  org.springframework.web.servlet.mvc.method.annotation.ServletInvocableHandlerMethod.invokeAndHandle(Lorg/springframework/web/context/request/ServletWebRequest;Lorg/springframework/web/method/support/ModelAndViewContainer;[Ljava/lang/Object;)V+4
j  org.springframework.web.servlet.mvc.method.annotation.RequestMappingHandlerAdapter.invokeHandlerMethod(Ljavax/servlet/http/HttpServletRequest;Ljavax/servlet/http/HttpServletResponse;Lorg/springframework/web/method/HandlerMethod;)Lorg/springframework/web/servlet/ModelAndView;+276
j  org.springframework.web.servlet.mvc.method.annotation.RequestMappingHandlerAdapter.handleInternal(Ljavax/servlet/http/HttpServletRequest;Ljavax/servlet/http/HttpServletResponse;Lorg/springframework/web/method/HandlerMethod;)Lorg/springframework/web/servlet/ModelAndView;+81
j  org.springframework.web.servlet.mvc.method.AbstractHandlerMethodAdapter.handle(Ljavax/servlet/http/HttpServletRequest;Ljavax/servlet/http/HttpServletResponse;Ljava/lang/Object;)Lorg/springframework/web/servlet/ModelAndView;+7
j  org.springframework.web.servlet.DispatcherServlet.doDispatch(Ljavax/servlet/http/HttpServletRequest;Ljavax/servlet/http/HttpServletResponse;)V+310
j  org.springframework.web.servlet.DispatcherServlet.doService(Ljavax/servlet/http/HttpServletRequest;Ljavax/servlet/http/HttpServletResponse;)V+308
j  org.springframework.web.servlet.FrameworkServlet.processRequest(Ljavax/servlet/http/HttpServletRequest;Ljavax/servlet/http/HttpServletResponse;)V+71
j  org.springframework.web.servlet.FrameworkServlet.doPost(Ljavax/servlet/http/HttpServletRequest;Ljavax/servlet/http/HttpServletResponse;)V+3
j  javax.servlet.http.HttpServlet.service(Ljavax/servlet/http/HttpServletRequest;Ljavax/servlet/http/HttpServletResponse;)V+149
j  org.springframework.web.servlet.FrameworkServlet.service(Ljavax/servlet/http/HttpServletRequest;Ljavax/servlet/http/HttpServletResponse;)V+33
j  javax.servlet.http.HttpServlet.service(Ljavax/servlet/ServletRequest;Ljavax/servlet/ServletResponse;)V+30
j  org.apache.catalina.core.ApplicationFilterChain.internalDoFilter(Ljavax/servlet/ServletRequest;Ljavax/servlet/ServletResponse;)V+304
j  org.apache.catalina.core.ApplicationFilterChain.doFilter(Ljavax/servlet/ServletRequest;Ljavax/servlet/ServletResponse;)V+101
j  org.apache.tomcat.websocket.server.WsFilter.doFilter(Ljavax/servlet/ServletRequest;Ljavax/servlet/ServletResponse;Ljavax/servlet/FilterChain;)V+21
j  org.apache.catalina.core.ApplicationFilterChain.internalDoFilter(Ljavax/servlet/ServletRequest;Ljavax/servlet/ServletResponse;)V+135
j  org.apache.catalina.core.ApplicationFilterChain.doFilter(Ljavax/servlet/ServletRequest;Ljavax/servlet/ServletResponse;)V+101
j  org.springframework.web.filter.RequestContextFilter.doFilterInternal(Ljavax/servlet/http/HttpServletRequest;Ljavax/servlet/http/HttpServletResponse;Ljavax/servlet/FilterChain;)V+21
j  org.springframework.web.filter.OncePerRequestFilter.doFilter(Ljavax/servlet/ServletRequest;Ljavax/servlet/ServletResponse;Ljavax/servlet/FilterChain;)V+111
j  org.apache.catalina.core.ApplicationFilterChain.internalDoFilter(Ljavax/servlet/ServletRequest;Ljavax/servlet/ServletResponse;)V+135
j  org.apache.catalina.core.ApplicationFilterChain.doFilter(Ljavax/servlet/ServletRequest;Ljavax/servlet/ServletResponse;)V+101
j  org.springframework.web.filter.HttpPutFormContentFilter.doFilterInternal(Ljavax/servlet/http/HttpServletRequest;Ljavax/servlet/http/HttpServletResponse;Ljavax/servlet/FilterChain;)V+95
j  org.springframework.web.filter.OncePerRequestFilter.doFilter(Ljavax/servlet/ServletRequest;Ljavax/servlet/ServletResponse;Ljavax/servlet/FilterChain;)V+111
j  org.apache.catalina.core.ApplicationFilterChain.internalDoFilter(Ljavax/servlet/ServletRequest;Ljavax/servlet/ServletResponse;)V+135
j  org.apache.catalina.core.ApplicationFilterChain.doFilter(Ljavax/servlet/ServletRequest;Ljavax/servlet/ServletResponse;)V+101
j  org.springframework.web.filter.HiddenHttpMethodFilter.doFilterInternal(Ljavax/servlet/http/HttpServletRequest;Ljavax/servlet/http/HttpServletResponse;Ljavax/servlet/FilterChain;)V+87
j  org.springframework.web.filter.OncePerRequestFilter.doFilter(Ljavax/servlet/ServletRequest;Ljavax/servlet/ServletResponse;Ljavax/servlet/FilterChain;)V+111
j  org.apache.catalina.core.ApplicationFilterChain.internalDoFilter(Ljavax/servlet/ServletRequest;Ljavax/servlet/ServletResponse;)V+135
j  org.apache.catalina.core.ApplicationFilterChain.doFilter(Ljavax/servlet/ServletRequest;Ljavax/servlet/ServletResponse;)V+101
j  org.springframework.web.filter.CharacterEncodingFilter.doFilterInternal(Ljavax/servlet/http/HttpServletRequest;Ljavax/servlet/http/HttpServletResponse;Ljavax/servlet/FilterChain;)V+53
j  org.springframework.web.filter.OncePerRequestFilter.doFilter(Ljavax/servlet/ServletRequest;Ljavax/servlet/ServletResponse;Ljavax/servlet/FilterChain;)V+111
j  org.apache.catalina.core.ApplicationFilterChain.internalDoFilter(Ljavax/servlet/ServletRequest;Ljavax/servlet/ServletResponse;)V+135
j  org.apache.catalina.core.ApplicationFilterChain.doFilter(Ljavax/servlet/ServletRequest;Ljavax/servlet/ServletResponse;)V+101
j  org.apache.catalina.core.StandardWrapperValve.invoke(Lorg/apache/catalina/connector/Request;Lorg/apache/catalina/connector/Response;)V+688
j  org.apache.catalina.core.StandardContextValve.invoke(Lorg/apache/catalina/connector/Request;Lorg/apache/catalina/connector/Response;)V+166
j  org.apache.catalina.authenticator.AuthenticatorBase.invoke(Lorg/apache/catalina/connector/Request;Lorg/apache/catalina/connector/Response;)V+260
j  org.apache.catalina.core.StandardHostValve.invoke(Lorg/apache/catalina/connector/Request;Lorg/apache/catalina/connector/Response;)V+138
j  org.apache.catalina.valves.ErrorReportValve.invoke(Lorg/apache/catalina/connector/Request;Lorg/apache/catalina/connector/Response;)V+6
j  org.apache.catalina.core.StandardEngineValve.invoke(Lorg/apache/catalina/connector/Request;Lorg/apache/catalina/connector/Response;)V+71
j  org.apache.catalina.connector.CoyoteAdapter.service(Lorg/apache/coyote/Request;Lorg/apache/coyote/Response;)V+199
j  org.apache.coyote.http11.Http11Processor.service(Lorg/apache/tomcat/util/net/SocketWrapperBase;)Lorg/apache/tomcat/util/net/AbstractEndpoint$Handler$SocketState;+806
j  org.apache.coyote.AbstractProcessorLight.process(Lorg/apache/tomcat/util/net/SocketWrapperBase;Lorg/apache/tomcat/util/net/SocketEvent;)Lorg/apache/tomcat/util/net/AbstractEndpoint$Handler$SocketState;+113
j  org.apache.coyote.AbstractProtocol$ConnectionHandler.process(Lorg/apache/tomcat/util/net/SocketWrapperBase;Lorg/apache/tomcat/util/net/SocketEvent;)Lorg/apache/tomcat/util/net/AbstractEndpoint$Handler$SocketState;+414
j  org.apache.tomcat.util.net.NioEndpoint$SocketProcessor.doRun()V+191
j  org.apache.tomcat.util.net.SocketProcessorBase.run()V+21
j  java.util.concurrent.ThreadPoolExecutor.runWorker(Ljava/util/concurrent/ThreadPoolExecutor$Worker;)V+95
j  java.util.concurrent.ThreadPoolExecutor$Worker.run()V+5
j  org.apache.tomcat.util.threads.TaskThread$WrappingRunnable.run()V+4
j  java.lang.Thread.run()V+11
v  ~StubRoutines::call_stub
V  [libjvm.so+0x697a76]  JavaCalls::call_helper(JavaValue*, methodHandle*, JavaCallArguments*, Thread*)+0x1056
V  [libjvm.so+0x697f81]  JavaCalls::call_virtual(JavaValue*, KlassHandle, Symbol*, Symbol*, JavaCallArguments*, Thread*)+0x321
V  [libjvm.so+0x698427]  JavaCalls::call_virtual(JavaValue*, Handle, KlassHandle, Symbol*, Symbol*, Thread*)+0x47
V  [libjvm.so+0x71789e]  thread_entry(JavaThread*, Thread*)+0x7e
V  [libjvm.so+0xa813f3]  JavaThread::thread_main_inner()+0x103
V  [libjvm.so+0xa8153c]  JavaThread::run()+0x11c
V  [libjvm.so+0x930198]  java_start(Thread*)+0x108
C  [libpthread.so.0+0x76db]  start_thread+0xdb

Java frames: (J=compiled Java code, j=interpreted, Vv=VM code)
v  ~RuntimeStub::_new_array_nozero_Java
J 2944 C2 java.lang.AbstractStringBuilder.append([CII)Ljava/lang/AbstractStringBuilder; (40 bytes) @ 0x00007f8d9899cc6c [0x00007f8d9899c9c0+0x2ac]
J 5520 C2 java.io.BufferedReader.readLine(Z)Ljava/lang/String; (304 bytes) @ 0x00007f8d9863f9b4 [0x00007f8d9863f720+0x294]
J 1024 C1 java.io.BufferedReader.readLine()Ljava/lang/String; (6 bytes) @ 0x00007f8d982ee03c [0x00007f8d982edf40+0xfc]
j  indi.monkey.webapp.commons.socket.SocketClient.sendMsg(Ljava/lang/String;)Ljava/lang/String;+73
j  indi.monkey.webapp.proxy.local.SpiderProxyImpl.sendData(Lindi/monkey/webapp/commons/dto/Request;)Ljava/lang/String;+61
j  indi.monkey.webapp.proxy.local.SpiderProxyImpl.taobaoGoods(Lindi/monkey/webapp/commons/dto/Request;)Lindi/monkey/webapp/commons/dto/SocketResponse;+2
j  indi.monkey.webapp.service.impl.SpiderServiveImpl.taobaoGoods(Lindi/monkey/webapp/commons/dto/Request;)Lindi/monkey/webapp/commons/dto/Response;+5
v  ~StubRoutines::call_stub
J 1783  sun.reflect.NativeMethodAccessorImpl.invoke0(Ljava/lang/reflect/Method;Ljava/lang/Object;[Ljava/lang/Object;)Ljava/lang/Object; (0 bytes) @ 0x00007f8d98532fb7 [0x00007f8d98532f40+0x77]
J 1782 C1 sun.reflect.NativeMethodAccessorImpl.invoke(Ljava/lang/Object;[Ljava/lang/Object;)Ljava/lang/Object; (104 bytes) @ 0x00007f8d98537b8c [0x00007f8d98536a00+0x118c]
J 2325 C2 sun.reflect.DelegatingMethodAccessorImpl.invoke(Ljava/lang/Object;[Ljava/lang/Object;)Ljava/lang/Object; (10 bytes) @ 0x00007f8d986adba4 [0x00007f8d986adb60+0x44]
J 4430 C1 java.lang.reflect.Method.invoke(Ljava/lang/Object;[Ljava/lang/Object;)Ljava/lang/Object; (62 bytes) @ 0x00007f8d982f9a4c [0x00007f8d982f9660+0x3ec]
j  indi.monkey.webapp.service.impl.BaseServiceImpl.service(Lindi/monkey/webapp/commons/dto/Request;)Lindi/monkey/webapp/commons/dto/Response;+64
j  indi.monkey.webapp.web.controller.BaseController.service(Lindi/monkey/webapp/commons/dto/Request;)Lindi/monkey/webapp/commons/dto/Response;+99
j  indi.monkey.webapp.web.controller.SpiderController.spider(Ljava/lang/String;Ljavax/servlet/http/HttpServletRequest;)Lindi/monkey/webapp/commons/dto/Response;+8
v  ~StubRoutines::call_stub
J 1783  sun.reflect.NativeMethodAccessorImpl.invoke0(Ljava/lang/reflect/Method;Ljava/lang/Object;[Ljava/lang/Object;)Ljava/lang/Object; (0 bytes) @ 0x00007f8d98532fb7 [0x00007f8d98532f40+0x77]
J 1782 C1 sun.reflect.NativeMethodAccessorImpl.invoke(Ljava/lang/Object;[Ljava/lang/Object;)Ljava/lang/Object; (104 bytes) @ 0x00007f8d98537b8c [0x00007f8d98536a00+0x118c]
J 2325 C2 sun.reflect.DelegatingMethodAccessorImpl.invoke(Ljava/lang/Object;[Ljava/lang/Object;)Ljava/lang/Object; (10 bytes) @ 0x00007f8d986adba4 [0x00007f8d986adb60+0x44]
J 4430 C1 java.lang.reflect.Method.invoke(Ljava/lang/Object;[Ljava/lang/Object;)Ljava/lang/Object; (62 bytes) @ 0x00007f8d982f9a4c [0x00007f8d982f9660+0x3ec]
j  org.springframework.web.method.support.InvocableHandlerMethod.doInvoke([Ljava/lang/Object;)Ljava/lang/Object;+16
j  org.springframework.web.method.support.InvocableHandlerMethod.invokeForRequest(Lorg/springframework/web/context/request/NativeWebRequest;Lorg/springframework/web/method/support/ModelAndViewContainer;[Ljava/lang/Object;)Ljava/lang/Object;+75
j  org.springframework.web.servlet.mvc.method.annotation.ServletInvocableHandlerMethod.invokeAndHandle(Lorg/springframework/web/context/request/ServletWebRequest;Lorg/springframework/web/method/support/ModelAndViewContainer;[Ljava/lang/Object;)V+4
j  org.springframework.web.servlet.mvc.method.annotation.RequestMappingHandlerAdapter.invokeHandlerMethod(Ljavax/servlet/http/HttpServletRequest;Ljavax/servlet/http/HttpServletResponse;Lorg/springframework/web/method/HandlerMethod;)Lorg/springframework/web/servlet/ModelAndView;+276
j  org.springframework.web.servlet.mvc.method.annotation.RequestMappingHandlerAdapter.handleInternal(Ljavax/servlet/http/HttpServletRequest;Ljavax/servlet/http/HttpServletResponse;Lorg/springframework/web/method/HandlerMethod;)Lorg/springframework/web/servlet/ModelAndView;+81
j  org.springframework.web.servlet.mvc.method.AbstractHandlerMethodAdapter.handle(Ljavax/servlet/http/HttpServletRequest;Ljavax/servlet/http/HttpServletResponse;Ljava/lang/Object;)Lorg/springframework/web/servlet/ModelAndView;+7
j  org.springframework.web.servlet.DispatcherServlet.doDispatch(Ljavax/servlet/http/HttpServletRequest;Ljavax/servlet/http/HttpServletResponse;)V+310
j  org.springframework.web.servlet.DispatcherServlet.doService(Ljavax/servlet/http/HttpServletRequest;Ljavax/servlet/http/HttpServletResponse;)V+308
j  org.springframework.web.servlet.FrameworkServlet.processRequest(Ljavax/servlet/http/HttpServletRequest;Ljavax/servlet/http/HttpServletResponse;)V+71
j  org.springframework.web.servlet.FrameworkServlet.doPost(Ljavax/servlet/http/HttpServletRequest;Ljavax/servlet/http/HttpServletResponse;)V+3
j  javax.servlet.http.HttpServlet.service(Ljavax/servlet/http/HttpServletRequest;Ljavax/servlet/http/HttpServletResponse;)V+149
j  org.springframework.web.servlet.FrameworkServlet.service(Ljavax/servlet/http/HttpServletRequest;Ljavax/servlet/http/HttpServletResponse;)V+33
j  javax.servlet.http.HttpServlet.service(Ljavax/servlet/ServletRequest;Ljavax/servlet/ServletResponse;)V+30
j  org.apache.catalina.core.ApplicationFilterChain.internalDoFilter(Ljavax/servlet/ServletRequest;Ljavax/servlet/ServletResponse;)V+304
j  org.apache.catalina.core.ApplicationFilterChain.doFilter(Ljavax/servlet/ServletRequest;Ljavax/servlet/ServletResponse;)V+101
j  org.apache.tomcat.websocket.server.WsFilter.doFilter(Ljavax/servlet/ServletRequest;Ljavax/servlet/ServletResponse;Ljavax/servlet/FilterChain;)V+21
j  org.apache.catalina.core.ApplicationFilterChain.internalDoFilter(Ljavax/servlet/ServletRequest;Ljavax/servlet/ServletResponse;)V+135
j  org.apache.catalina.core.ApplicationFilterChain.doFilter(Ljavax/servlet/ServletRequest;Ljavax/servlet/ServletResponse;)V+101
j  org.springframework.web.filter.RequestContextFilter.doFilterInternal(Ljavax/servlet/http/HttpServletRequest;Ljavax/servlet/http/HttpServletResponse;Ljavax/servlet/FilterChain;)V+21
j  org.springframework.web.filter.OncePerRequestFilter.doFilter(Ljavax/servlet/ServletRequest;Ljavax/servlet/ServletResponse;Ljavax/servlet/FilterChain;)V+111
j  org.apache.catalina.core.ApplicationFilterChain.internalDoFilter(Ljavax/servlet/ServletRequest;Ljavax/servlet/ServletResponse;)V+135
j  org.apache.catalina.core.ApplicationFilterChain.doFilter(Ljavax/servlet/ServletRequest;Ljavax/servlet/ServletResponse;)V+101
j  org.springframework.web.filter.HttpPutFormContentFilter.doFilterInternal(Ljavax/servlet/http/HttpServletRequest;Ljavax/servlet/http/HttpServletResponse;Ljavax/servlet/FilterChain;)V+95
j  org.springframework.web.filter.OncePerRequestFilter.doFilter(Ljavax/servlet/ServletRequest;Ljavax/servlet/ServletResponse;Ljavax/servlet/FilterChain;)V+111
j  org.apache.catalina.core.ApplicationFilterChain.internalDoFilter(Ljavax/servlet/ServletRequest;Ljavax/servlet/ServletResponse;)V+135
j  org.apache.catalina.core.ApplicationFilterChain.doFilter(Ljavax/servlet/ServletRequest;Ljavax/servlet/ServletResponse;)V+101
j  org.springframework.web.filter.HiddenHttpMethodFilter.doFilterInternal(Ljavax/servlet/http/HttpServletRequest;Ljavax/servlet/http/HttpServletResponse;Ljavax/servlet/FilterChain;)V+87
j  org.springframework.web.filter.OncePerRequestFilter.doFilter(Ljavax/servlet/ServletRequest;Ljavax/servlet/ServletResponse;Ljavax/servlet/FilterChain;)V+111
j  org.apache.catalina.core.ApplicationFilterChain.internalDoFilter(Ljavax/servlet/ServletRequest;Ljavax/servlet/ServletResponse;)V+135
j  org.apache.catalina.core.ApplicationFilterChain.doFilter(Ljavax/servlet/ServletRequest;Ljavax/servlet/ServletResponse;)V+101
j  org.springframework.web.filter.CharacterEncodingFilter.doFilterInternal(Ljavax/servlet/http/HttpServletRequest;Ljavax/servlet/http/HttpServletResponse;Ljavax/servlet/FilterChain;)V+53
j  org.springframework.web.filter.OncePerRequestFilter.doFilter(Ljavax/servlet/ServletRequest;Ljavax/servlet/ServletResponse;Ljavax/servlet/FilterChain;)V+111
j  org.apache.catalina.core.ApplicationFilterChain.internalDoFilter(Ljavax/servlet/ServletRequest;Ljavax/servlet/ServletResponse;)V+135
j  org.apache.catalina.core.ApplicationFilterChain.doFilter(Ljavax/servlet/ServletRequest;Ljavax/servlet/ServletResponse;)V+101
j  org.apache.catalina.core.StandardWrapperValve.invoke(Lorg/apache/catalina/connector/Request;Lorg/apache/catalina/connector/Response;)V+688
j  org.apache.catalina.core.StandardContextValve.invoke(Lorg/apache/catalina/connector/Request;Lorg/apache/catalina/connector/Response;)V+166
j  org.apache.catalina.authenticator.AuthenticatorBase.invoke(Lorg/apache/catalina/connector/Request;Lorg/apache/catalina/connector/Response;)V+260
j  org.apache.catalina.core.StandardHostValve.invoke(Lorg/apache/catalina/connector/Request;Lorg/apache/catalina/connector/Response;)V+138
j  org.apache.catalina.valves.ErrorReportValve.invoke(Lorg/apache/catalina/connector/Request;Lorg/apache/catalina/connector/Response;)V+6
j  org.apache.catalina.core.StandardEngineValve.invoke(Lorg/apache/catalina/connector/Request;Lorg/apache/catalina/connector/Response;)V+71
j  org.apache.catalina.connector.CoyoteAdapter.service(Lorg/apache/coyote/Request;Lorg/apache/coyote/Response;)V+199
j  org.apache.coyote.http11.Http11Processor.service(Lorg/apache/tomcat/util/net/SocketWrapperBase;)Lorg/apache/tomcat/util/net/AbstractEndpoint$Handler$SocketState;+806
j  org.apache.coyote.AbstractProcessorLight.process(Lorg/apache/tomcat/util/net/SocketWrapperBase;Lorg/apache/tomcat/util/net/SocketEvent;)Lorg/apache/tomcat/util/net/AbstractEndpoint$Handler$SocketState;+113
j  org.apache.coyote.AbstractProtocol$ConnectionHandler.process(Lorg/apache/tomcat/util/net/SocketWrapperBase;Lorg/apache/tomcat/util/net/SocketEvent;)Lorg/apache/tomcat/util/net/AbstractEndpoint$Handler$SocketState;+414
j  org.apache.tomcat.util.net.NioEndpoint$SocketProcessor.doRun()V+191
j  org.apache.tomcat.util.net.SocketProcessorBase.run()V+21
j  java.util.concurrent.ThreadPoolExecutor.runWorker(Ljava/util/concurrent/ThreadPoolExecutor$Worker;)V+95
j  java.util.concurrent.ThreadPoolExecutor$Worker.run()V+5
j  org.apache.tomcat.util.threads.TaskThread$WrappingRunnable.run()V+4
j  java.lang.Thread.run()V+11
v  ~StubRoutines::call_stub

---------------  P R O C E S S  ---------------

Java Threads: ( => current thread )
  0x00007f8da8010800 JavaThread "DestroyJavaVM" [_thread_blocked, id=3646, stack(0x00007f8dadf82000,0x00007f8dae082000)]
  0x00007f8d3da00000 JavaThread "http-nio-8011-AsyncTimeout" daemon [_thread_blocked, id=3697, stack(0x00007f8d756ed000,0x00007f8d757ee000)]
  0x00007f8d3d9fe800 JavaThread "http-nio-8011-Acceptor-0" daemon [_thread_in_native, id=3696, stack(0x00007f8d757ee000,0x00007f8d758ef000)]
  0x00007f8d3d9fc000 JavaThread "http-nio-8011-ClientPoller-1" daemon [_thread_in_native, id=3695, stack(0x00007f8d758ef000,0x00007f8d759f0000)]
  0x00007f8d3d9fa000 JavaThread "http-nio-8011-ClientPoller-0" daemon [_thread_in_native, id=3694, stack(0x00007f8d759f0000,0x00007f8d75af1000)]
  0x00007f8d3d9f8000 JavaThread "http-nio-8011-exec-10" daemon [_thread_blocked, id=3693, stack(0x00007f8d75af1000,0x00007f8d75bf2000)]
  0x00007f8d3d9f6000 JavaThread "http-nio-8011-exec-9" daemon [_thread_blocked, id=3692, stack(0x00007f8d75bf2000,0x00007f8d75cf3000)]
  0x00007f8d3d9f4000 JavaThread "http-nio-8011-exec-8" daemon [_thread_blocked, id=3691, stack(0x00007f8d75cf3000,0x00007f8d75df4000)]
=>0x00007f8d3d9f2000 JavaThread "http-nio-8011-exec-7" daemon [_thread_in_vm, id=3690, stack(0x00007f8d75df4000,0x00007f8d75ef5000)]
  0x00007f8d3d9f0000 JavaThread "http-nio-8011-exec-6" daemon [_thread_blocked, id=3689, stack(0x00007f8d75ef5000,0x00007f8d75ff6000)]
  0x00007f8d3d9ee000 JavaThread "http-nio-8011-exec-5" daemon [_thread_blocked, id=3688, stack(0x00007f8d75ff6000,0x00007f8d760f7000)]
  0x00007f8d3d9ec000 JavaThread "http-nio-8011-exec-4" daemon [_thread_blocked, id=3687, stack(0x00007f8d760f7000,0x00007f8d761f8000)]
  0x00007f8d3d9ea000 JavaThread "http-nio-8011-exec-3" daemon [_thread_blocked, id=3686, stack(0x00007f8d761f8000,0x00007f8d762f9000)]
  0x00007f8d3d9e8800 JavaThread "http-nio-8011-exec-2" daemon [_thread_blocked, id=3685, stack(0x00007f8d762f9000,0x00007f8d763fa000)]
  0x00007f8d3d9e7000 JavaThread "http-nio-8011-exec-1" daemon [_thread_blocked, id=3684, stack(0x00007f8d763fa000,0x00007f8d764fb000)]
  0x00007f8d3d9e5800 JavaThread "NioBlockingSelector.BlockPoller-1" daemon [_thread_in_native, id=3683, stack(0x00007f8d765fc000,0x00007f8d766fd000)]
  0x00007f8d3d9b3800 JavaThread "Live Reload Server" daemon [_thread_in_native, id=3682, stack(0x00007f8d764fb000,0x00007f8d765fc000)]
  0x00007f8d3d9a7800 JavaThread "File Watcher" daemon [_thread_blocked, id=3680, stack(0x00007f8d766fd000,0x00007f8d767fe000)]
  0x00007f8d3ca72800 JavaThread "Abandoned connection cleanup thread" daemon [_thread_blocked, id=3678, stack(0x00007f8d779fe000,0x00007f8d77aff000)]
  0x00007f8d3c9b8000 JavaThread "container-0" [_thread_blocked, id=3677, stack(0x00007f8d77aff000,0x00007f8d77c00000)]
  0x00007f8d3c9b7800 JavaThread "ContainerBackgroundProcessor[StandardEngine[Tomcat]]" daemon [_thread_blocked, id=3676, stack(0x00007f8d7c0ed000,0x00007f8d7c1ee000)]
  0x00007f8da80ec000 JavaThread "Service Thread" daemon [_thread_blocked, id=3668, stack(0x00007f8d856f1000,0x00007f8d857f2000)]
  0x00007f8da80cf000 JavaThread "C1 CompilerThread3" daemon [_thread_blocked, id=3667, stack(0x00007f8d857f3000,0x00007f8d858f3000)]
  0x00007f8da80cc800 JavaThread "C2 CompilerThread2" daemon [_thread_blocked, id=3666, stack(0x00007f8d858f4000,0x00007f8d859f4000)]
  0x00007f8da80cb000 JavaThread "C2 CompilerThread1" daemon [_thread_blocked, id=3665, stack(0x00007f8d859f5000,0x00007f8d85af5000)]
  0x00007f8da80c8000 JavaThread "C2 CompilerThread0" daemon [_thread_blocked, id=3664, stack(0x00007f8d85af6000,0x00007f8d85bf6000)]
  0x00007f8da80c6800 JavaThread "Signal Dispatcher" daemon [_thread_blocked, id=3663, stack(0x00007f8d85bf6000,0x00007f8d85cf7000)]
  0x00007f8da8093800 JavaThread "Finalizer" daemon [_thread_blocked, id=3661, stack(0x00007f8d866c6000,0x00007f8d867c7000)]
  0x00007f8da8091000 JavaThread "Reference Handler" daemon [_thread_blocked, id=3660, stack(0x00007f8d867c7000,0x00007f8d868c8000)]

Other Threads:
  0x00007f8da8087000 VMThread [stack: 0x00007f8d868c9000,0x00007f8d869c9000] [id=3659]
  0x00007f8da80f9000 WatcherThread [stack: 0x00007f8d855f1000,0x00007f8d856f1000] [id=3669]

VM state:not at safepoint (normal execution)

VM Mutex/Monitor currently owned by a thread:  ([mutex/lock_event])
[0x00007f8da800ccf0] ExpandHeap_lock - owner thread: 0x00007f8d3d9f2000
[0x00007f8da800d870] Heap_lock - owner thread: 0x00007f8d3d9f2000

Heap:
 PSYoungGen      total 25600K, used 23488K [0x00000000eb900000, 0x00000000f3700000, 0x0000000100000000)
  eden space 25088K, 92% used [0x00000000eb900000,0x00000000ecfc80e0,0x00000000ed180000)
  from space 512K, 31% used [0x00000000f3600000,0x00000000f3628000,0x00000000f3680000)
  to   space 512K, 0% used [0x00000000f3680000,0x00000000f3680000,0x00000000f3700000)
 ParOldGen       total 308736K, used 281170K [0x00000000c2a00000, 0x00000000d5780000, 0x00000000eb900000)
  object space 308736K, 91% used [0x00000000c2a00000,0x00000000d3c94ac0,0x00000000d5780000)
 Metaspace       used 59952K, capacity 62572K, committed 62744K, reserved 1103872K
  class space    used 7937K, capacity 8420K, committed 8488K, reserved 1048576K

Card table byte_map: [0x00007f8d979b3000,0x00007f8d97b9f000] byte_map_base: 0x00007f8d9739e000

Marking Bits: (ParMarkBitMap*) 0x00007f8dad41c0a0
 Begin Bits: [0x00007f8d951b3000, 0x00007f8d9610b000)
 End Bits:   [0x00007f8d9610b000, 0x00007f8d97063000)

Polling page: 0x00007f8dae099000

CodeCache: size=245760Kb used=16899Kb max_used=17131Kb free=228860Kb
 bounds [0x00007f8d97f5f000, 0x00007f8d9907f000, 0x00007f8da6f5f000]
 total_blobs=5361 nmethods=4786 adapters=488
 compilation: enabled

Compilation events (10 events):
Event: 27960.909 Thread 0x00007f8da80cc800 5759   !   4       java.net.AbstractPlainSocketImpl::releaseFD (74 bytes)
Event: 27960.911 Thread 0x00007f8da80cc800 nmethod 5759 0x00007f8d98660890 code [0x00007f8d986609e0, 0x00007f8d98660c58]
Event: 27960.912 Thread 0x00007f8da80cc800 5760       4       java.net.SocketInputStream::read (15 bytes)
Event: 27960.912 Thread 0x00007f8da80cc800 nmethod 5760 0x00007f8d98cd6c10 code [0x00007f8d98cd6d60, 0x00007f8d98cd6e08]
Event: 27960.930 Thread 0x00007f8da80cb000 5763   !   4       sun.nio.cs.StreamDecoder::read (196 bytes)
Event: 27960.930 Thread 0x00007f8da80cc800 5762       4       java.io.InputStreamReader::read (11 bytes)
Event: 27960.963 Thread 0x00007f8da80cc800 nmethod 5762 0x00007f8d9856da90 code [0x00007f8d9856dd00, 0x00007f8d9856ecc8]
Event: 27960.963 Thread 0x00007f8da80cc800 5764       4       sun.nio.cs.StreamDecoder::implRead (243 bytes)
Event: 27960.964 Thread 0x00007f8da80cb000 nmethod 5763 0x00007f8d98a327d0 code [0x00007f8d98a32a40, 0x00007f8d98a33c88]
Event: 27960.964 Thread 0x00007f8da80cb000 5761   !   4       java.net.SocketInputStream::read (328 bytes)

GC Heap History (10 events):
Event: 27871.757 GC heap before
{Heap before GC invocations=1110 (full 3):
 PSYoungGen      total 25600K, used 25152K [0x00000000eb900000, 0x00000000f3700000, 0x0000000100000000)
  eden space 25088K, 100% used [0x00000000eb900000,0x00000000ed180000,0x00000000ed180000)
  from space 512K, 12% used [0x00000000f3680000,0x00000000f3690000,0x00000000f3700000)
  to   space 512K, 0% used [0x00000000f3600000,0x00000000f3600000,0x00000000f3680000)
 ParOldGen       total 77824K, used 35350K [0x00000000c2a00000, 0x00000000c7600000, 0x00000000eb900000)
  object space 77824K, 45% used [0x00000000c2a00000,0x00000000c4c85a80,0x00000000c7600000)
 Metaspace       used 59938K, capacity 62572K, committed 62744K, reserved 1103872K
  class space    used 7937K, capacity 8420K, committed 8488K, reserved 1048576K
Event: 27871.760 GC heap after
Heap after GC invocations=1110 (full 3):
 PSYoungGen      total 25600K, used 160K [0x00000000eb900000, 0x00000000f3700000, 0x0000000100000000)
  eden space 25088K, 0% used [0x00000000eb900000,0x00000000eb900000,0x00000000ed180000)
  from space 512K, 31% used [0x00000000f3600000,0x00000000f3628000,0x00000000f3680000)
  to   space 512K, 0% used [0x00000000f3680000,0x00000000f3680000,0x00000000f3700000)
 ParOldGen       total 77824K, used 35350K [0x00000000c2a00000, 0x00000000c7600000, 0x00000000eb900000)
  object space 77824K, 45% used [0x00000000c2a00000,0x00000000c4c85a80,0x00000000c7600000)
 Metaspace       used 59938K, capacity 62572K, committed 62744K, reserved 1103872K
  class space    used 7937K, capacity 8420K, committed 8488K, reserved 1048576K
}
Event: 27892.910 GC heap before
{Heap before GC invocations=1111 (full 3):
 PSYoungGen      total 25600K, used 25248K [0x00000000eb900000, 0x00000000f3700000, 0x0000000100000000)
  eden space 25088K, 100% used [0x00000000eb900000,0x00000000ed180000,0x00000000ed180000)
  from space 512K, 31% used [0x00000000f3600000,0x00000000f3628000,0x00000000f3680000)
  to   space 512K, 0% used [0x00000000f3680000,0x00000000f3680000,0x00000000f3700000)
 ParOldGen       total 77824K, used 35350K [0x00000000c2a00000, 0x00000000c7600000, 0x00000000eb900000)
  object space 77824K, 45% used [0x00000000c2a00000,0x00000000c4c85a80,0x00000000c7600000)
 Metaspace       used 59938K, capacity 62572K, committed 62744K, reserved 1103872K
  class space    used 7937K, capacity 8420K, committed 8488K, reserved 1048576K
Event: 27892.915 GC heap after
Heap after GC invocations=1111 (full 3):
 PSYoungGen      total 25600K, used 160K [0x00000000eb900000, 0x00000000f3700000, 0x0000000100000000)
  eden space 25088K, 0% used [0x00000000eb900000,0x00000000eb900000,0x00000000ed180000)
  from space 512K, 31% used [0x00000000f3680000,0x00000000f36a8000,0x00000000f3700000)
  to   space 512K, 0% used [0x00000000f3600000,0x00000000f3600000,0x00000000f3680000)
 ParOldGen       total 77824K, used 35350K [0x00000000c2a00000, 0x00000000c7600000, 0x00000000eb900000)
  object space 77824K, 45% used [0x00000000c2a00000,0x00000000c4c85a80,0x00000000c7600000)
 Metaspace       used 59938K, capacity 62572K, committed 62744K, reserved 1103872K
  class space    used 7937K, capacity 8420K, committed 8488K, reserved 1048576K
}
Event: 27914.066 GC heap before
{Heap before GC invocations=1112 (full 3):
 PSYoungGen      total 25600K, used 25248K [0x00000000eb900000, 0x00000000f3700000, 0x0000000100000000)
  eden space 25088K, 100% used [0x00000000eb900000,0x00000000ed180000,0x00000000ed180000)
  from space 512K, 31% used [0x00000000f3680000,0x00000000f36a8000,0x00000000f3700000)
  to   space 512K, 0% used [0x00000000f3600000,0x00000000f3600000,0x00000000f3680000)
 ParOldGen       total 77824K, used 35350K [0x00000000c2a00000, 0x00000000c7600000, 0x00000000eb900000)
  object space 77824K, 45% used [0x00000000c2a00000,0x00000000c4c85a80,0x00000000c7600000)
 Metaspace       used 59938K, capacity 62572K, committed 62744K, reserved 1103872K
  class space    used 7937K, capacity 8420K, committed 8488K, reserved 1048576K
Event: 27914.072 GC heap after
Heap after GC invocations=1112 (full 3):
 PSYoungGen      total 25600K, used 64K [0x00000000eb900000, 0x00000000f3700000, 0x0000000100000000)
  eden space 25088K, 0% used [0x00000000eb900000,0x00000000eb900000,0x00000000ed180000)
  from space 512K, 12% used [0x00000000f3600000,0x00000000f3610000,0x00000000f3680000)
  to   space 512K, 0% used [0x00000000f3680000,0x00000000f3680000,0x00000000f3700000)
 ParOldGen       total 77824K, used 35350K [0x00000000c2a00000, 0x00000000c7600000, 0x00000000eb900000)
  object space 77824K, 45% used [0x00000000c2a00000,0x00000000c4c85a80,0x00000000c7600000)
 Metaspace       used 59938K, capacity 62572K, committed 62744K, reserved 1103872K
  class space    used 7937K, capacity 8420K, committed 8488K, reserved 1048576K
}
Event: 27935.222 GC heap before
{Heap before GC invocations=1113 (full 3):
 PSYoungGen      total 25600K, used 25152K [0x00000000eb900000, 0x00000000f3700000, 0x0000000100000000)
  eden space 25088K, 100% used [0x00000000eb900000,0x00000000ed180000,0x00000000ed180000)
  from space 512K, 12% used [0x00000000f3600000,0x00000000f3610000,0x00000000f3680000)
  to   space 512K, 0% used [0x00000000f3680000,0x00000000f3680000,0x00000000f3700000)
 ParOldGen       total 77824K, used 35350K [0x00000000c2a00000, 0x00000000c7600000, 0x00000000eb900000)
  object space 77824K, 45% used [0x00000000c2a00000,0x00000000c4c85a80,0x00000000c7600000)
 Metaspace       used 59938K, capacity 62572K, committed 62744K, reserved 1103872K
  class space    used 7937K, capacity 8420K, committed 8488K, reserved 1048576K
Event: 27935.228 GC heap after
Heap after GC invocations=1113 (full 3):
 PSYoungGen      total 25600K, used 96K [0x00000000eb900000, 0x00000000f3700000, 0x0000000100000000)
  eden space 25088K, 0% used [0x00000000eb900000,0x00000000eb900000,0x00000000ed180000)
  from space 512K, 18% used [0x00000000f3680000,0x00000000f3698000,0x00000000f3700000)
  to   space 512K, 0% used [0x00000000f3600000,0x00000000f3600000,0x00000000f3680000)
 ParOldGen       total 77824K, used 35350K [0x00000000c2a00000, 0x00000000c7600000, 0x00000000eb900000)
  object space 77824K, 45% used [0x00000000c2a00000,0x00000000c4c85a80,0x00000000c7600000)
 Metaspace       used 59938K, capacity 62572K, committed 62744K, reserved 1103872K
  class space    used 7937K, capacity 8420K, committed 8488K, reserved 1048576K
}
Event: 27955.371 GC heap before
{Heap before GC invocations=1114 (full 3):
 PSYoungGen      total 25600K, used 25184K [0x00000000eb900000, 0x00000000f3700000, 0x0000000100000000)
  eden space 25088K, 100% used [0x00000000eb900000,0x00000000ed180000,0x00000000ed180000)
  from space 512K, 18% used [0x00000000f3680000,0x00000000f3698000,0x00000000f3700000)
  to   space 512K, 0% used [0x00000000f3600000,0x00000000f3600000,0x00000000f3680000)
 ParOldGen       total 77824K, used 35350K [0x00000000c2a00000, 0x00000000c7600000, 0x00000000eb900000)
  object space 77824K, 45% used [0x00000000c2a00000,0x00000000c4c85a80,0x00000000c7600000)
 Metaspace       used 59938K, capacity 62572K, committed 62744K, reserved 1103872K
  class space    used 7937K, capacity 8420K, committed 8488K, reserved 1048576K
Event: 27955.375 GC heap after
Heap after GC invocations=1114 (full 3):
 PSYoungGen      total 25600K, used 160K [0x00000000eb900000, 0x00000000f3700000, 0x0000000100000000)
  eden space 25088K, 0% used [0x00000000eb900000,0x00000000eb900000,0x00000000ed180000)
  from space 512K, 31% used [0x00000000f3600000,0x00000000f3628000,0x00000000f3680000)
  to   space 512K, 0% used [0x00000000f3680000,0x00000000f3680000,0x00000000f3700000)
 ParOldGen       total 77824K, used 35350K [0x00000000c2a00000, 0x00000000c7600000, 0x00000000eb900000)
  object space 77824K, 45% used [0x00000000c2a00000,0x00000000c4c85a80,0x00000000c7600000)
 Metaspace       used 59938K, capacity 62572K, committed 62744K, reserved 1103872K
  class space    used 7937K, capacity 8420K, committed 8488K, reserved 1048576K
}

Deoptimization events (10 events):
Event: 18.958 Thread 0x00007f8d3d9e8800 Uncommon trap: reason=unstable_if action=reinterpret pc=0x00007f8d9852e584 method=java.nio.Buffer.limit(I)Ljava/nio/Buffer; @ 33
Event: 19.073 Thread 0x00007f8d3d9ec000 Uncommon trap: reason=unstable_if action=reinterpret pc=0x00007f8d986d54d4 method=java.util.concurrent.ConcurrentHashMap.putVal(Ljava/lang/Object;Ljava/lang/Object;Z)Ljava/lang/Object; @ 98
Event: 19.637 Thread 0x00007f8d3d9f0000 Uncommon trap: reason=unstable_if action=reinterpret pc=0x00007f8d986882f4 method=java.nio.charset.CoderResult.isUnderflow()Z @ 4
Event: 27.065 Thread 0x00007f8d3d9f2000 Uncommon trap: reason=unstable_if action=reinterpret pc=0x00007f8d98270594 method=java.nio.Buffer.<init>(IIII)V @ 66
Event: 27.243 Thread 0x00007f8d3d9f2000 Uncommon trap: reason=class_check action=maybe_recompile pc=0x00007f8d983a8bb8 method=java.lang.ClassLoader.loadClass(Ljava/lang/String;Z)Ljava/lang/Class; @ 38
Event: 27.243 Thread 0x00007f8d3d9f2000 Uncommon trap: reason=class_check action=maybe_recompile pc=0x00007f8d983a8bb8 method=java.lang.ClassLoader.loadClass(Ljava/lang/String;Z)Ljava/lang/Class; @ 38
Event: 27.245 Thread 0x00007f8d3d9f2000 Uncommon trap: reason=class_check action=maybe_recompile pc=0x00007f8d983a8bb8 method=java.lang.ClassLoader.loadClass(Ljava/lang/String;Z)Ljava/lang/Class; @ 38
Event: 27.245 Thread 0x00007f8d3d9f2000 Uncommon trap: reason=class_check action=maybe_recompile pc=0x00007f8d983a8bb8 method=java.lang.ClassLoader.loadClass(Ljava/lang/String;Z)Ljava/lang/Class; @ 38
Event: 27.249 Thread 0x00007f8d3d9f2000 Uncommon trap: reason=unstable_if action=reinterpret pc=0x00007f8d980b11e0 method=sun.nio.cs.UTF_8$Encoder.encode([CII[B)I @ 33
Event: 27.251 Thread 0x00007f8d3d9f2000 Uncommon trap: reason=unstable_if action=reinterpret pc=0x00007f8d98beffa0 method=java.lang.StringCoding.encode(Ljava/lang/String;[CII)[B @ 38

Classes redefined (0 events):
No events

Internal exceptions (10 events):
Event: 17.979 Thread 0x00007f8d3d9e8800 Exception <a 'java/lang/ClassNotFoundException': org/springframework/web/servlet/FlashMapManagerCustomizer> (0x00000000fb8f60b0) thrown at [/HUDSON/workspace/8-2-build-linux-amd64/jdk8u181/11358/hotspot/src/share/vm/classfile/systemDictionary.cpp, line 21
Event: 18.131 Thread 0x00007f8d3d9e8800 Exception <a 'java/lang/ClassNotFoundException': java/lang/ObjectCustomizer> (0x00000000fc105938) thrown at [/HUDSON/workspace/8-2-build-linux-amd64/jdk8u181/11358/hotspot/src/share/vm/classfile/systemDictionary.cpp, line 210]
Event: 18.132 Thread 0x00007f8d3d9e8800 Exception <a 'java/lang/ClassNotFoundException': org/springframework/context/support/ApplicationObjectSupportCustomizer> (0x00000000fc13bbb0) thrown at [/HUDSON/workspace/8-2-build-linux-amd64/jdk8u181/11358/hotspot/src/share/vm/classfile/systemDictionary
Event: 18.135 Thread 0x00007f8d3d9e8800 Exception <a 'java/lang/ClassNotFoundException': org/springframework/web/context/support/WebApplicationObjectSupportCustomizer> (0x00000000fc1762e0) thrown at [/HUDSON/workspace/8-2-build-linux-amd64/jdk8u181/11358/hotspot/src/share/vm/classfile/systemDic
Event: 18.137 Thread 0x00007f8d3d9e8800 Exception <a 'java/lang/ClassNotFoundException': org/thymeleaf/spring5/view/AbstractThymeleafViewCustomizer> (0x00000000fc1a5e20) thrown at [/HUDSON/workspace/8-2-build-linux-amd64/jdk8u181/11358/hotspot/src/share/vm/classfile/systemDictionary.cpp, line 2
Event: 18.138 Thread 0x00007f8d3d9e8800 Exception <a 'java/lang/ClassNotFoundException': org/thymeleaf/spring5/view/ThymeleafViewCustomizer> (0x00000000fc1e26b8) thrown at [/HUDSON/workspace/8-2-build-linux-amd64/jdk8u181/11358/hotspot/src/share/vm/classfile/systemDictionary.cpp, line 210]
Event: 18.139 Thread 0x00007f8d3d9e8800 Exception <a 'java/lang/ClassNotFoundException': org/springframework/web/servlet/ViewCustomizer> (0x00000000fc219038) thrown at [/HUDSON/workspace/8-2-build-linux-amd64/jdk8u181/11358/hotspot/src/share/vm/classfile/systemDictionary.cpp, line 210]
Event: 18.140 Thread 0x00007f8d3d9e8800 Exception <a 'java/lang/ClassNotFoundException': org/springframework/beans/factory/BeanNameAwareCustomizer> (0x00000000fc2491d0) thrown at [/HUDSON/workspace/8-2-build-linux-amd64/jdk8u181/11358/hotspot/src/share/vm/classfile/systemDictionary.cpp, line 21
Event: 18.141 Thread 0x00007f8d3d9e8800 Exception <a 'java/lang/ClassNotFoundException': org/springframework/web/context/ServletContextAwareCustomizer> (0x00000000fc279318) thrown at [/HUDSON/workspace/8-2-build-linux-amd64/jdk8u181/11358/hotspot/src/share/vm/classfile/systemDictionary.cpp, lin
Event: 18.142 Thread 0x00007f8d3d9e8800 Exception <a 'java/lang/ClassNotFoundException': org/springframework/context/ApplicationContextAwareCustomizer> (0x00000000fc2a9a40) thrown at [/HUDSON/workspace/8-2-build-linux-amd64/jdk8u181/11358/hotspot/src/share/vm/classfile/systemDictionary.cpp, lin

Events (10 events):
Event: 27892.910 Executing VM operation: ParallelGCFailedAllocation
Event: 27892.915 Executing VM operation: ParallelGCFailedAllocation done
Event: 27914.066 Executing VM operation: ParallelGCFailedAllocation
Event: 27914.072 Executing VM operation: ParallelGCFailedAllocation done
Event: 27935.222 Executing VM operation: ParallelGCFailedAllocation
Event: 27935.228 Executing VM operation: ParallelGCFailedAllocation done
Event: 27955.371 Executing VM operation: ParallelGCFailedAllocation
Event: 27955.375 Executing VM operation: ParallelGCFailedAllocation done
Event: 27960.649 Thread 0x00007f8da80cf000 flushing nmethod 0x00007f8d98bd6010
Event: 27960.658 Thread 0x00007f8da80cf000 flushing nmethod 0x00007f8d98d78590


Dynamic libraries:
00400000-00401000 r-xp 00000000 08:01 402220                             /home/tangjf/programs/env/jdk1.8.0_181/bin/java
00600000-00601000 rw-p 00000000 08:01 402220                             /home/tangjf/programs/env/jdk1.8.0_181/bin/java
00f79000-00f9a000 rw-p 00000000 00:00 0                                  [heap]
c2a00000-d5780000 rw-p 00000000 00:00 0 
e5800000-eb900000 ---p 00000000 00:00 0 
eb900000-f3700000 rw-p 00000000 00:00 0 
f3700000-100000000 ---p 00000000 00:00 0 
100000000-10084a000 rw-p 00000000 00:00 0 
10084a000-140000000 ---p 00000000 00:00 0 
7f8ce0000000-7f8ce0021000 rw-p 00000000 00:00 0 
7f8ce0021000-7f8ce4000000 ---p 00000000 00:00 0 
7f8ce4000000-7f8ce4021000 rw-p 00000000 00:00 0 
7f8ce4021000-7f8ce8000000 ---p 00000000 00:00 0 
7f8ce8000000-7f8ce8021000 rw-p 00000000 00:00 0 
7f8ce8021000-7f8cec000000 ---p 00000000 00:00 0 
7f8cec000000-7f8cec021000 rw-p 00000000 00:00 0 
7f8cec021000-7f8cf0000000 ---p 00000000 00:00 0 
7f8cf0000000-7f8cf0021000 rw-p 00000000 00:00 0 
7f8cf0021000-7f8cf4000000 ---p 00000000 00:00 0 
7f8cf4000000-7f8cf4021000 rw-p 00000000 00:00 0 
7f8cf4021000-7f8cf8000000 ---p 00000000 00:00 0 
7f8cf8000000-7f8cf835d000 rw-p 00000000 00:00 0 
7f8cf835d000-7f8cfc000000 ---p 00000000 00:00 0 
7f8cfc000000-7f8cfc021000 rw-p 00000000 00:00 0 
7f8cfc021000-7f8d00000000 ---p 00000000 00:00 0 
7f8d00000000-7f8d00021000 rw-p 00000000 00:00 0 
7f8d00021000-7f8d04000000 ---p 00000000 00:00 0 
7f8d04000000-7f8d04021000 rw-p 00000000 00:00 0 
7f8d04021000-7f8d08000000 ---p 00000000 00:00 0 
7f8d08000000-7f8d08021000 rw-p 00000000 00:00 0 
7f8d08021000-7f8d0c000000 ---p 00000000 00:00 0 
7f8d0c000000-7f8d0c021000 rw-p 00000000 00:00 0 
7f8d0c021000-7f8d10000000 ---p 00000000 00:00 0 
7f8d10000000-7f8d10021000 rw-p 00000000 00:00 0 
7f8d10021000-7f8d14000000 ---p 00000000 00:00 0 
7f8d14000000-7f8d148a5000 rw-p 00000000 00:00 0 
7f8d148a5000-7f8d18000000 ---p 00000000 00:00 0 
7f8d18000000-7f8d18021000 rw-p 00000000 00:00 0 
7f8d18021000-7f8d1c000000 ---p 00000000 00:00 0 
7f8d1c000000-7f8d1c021000 rw-p 00000000 00:00 0 
7f8d1c021000-7f8d20000000 ---p 00000000 00:00 0 
7f8d20000000-7f8d20021000 rw-p 00000000 00:00 0 
7f8d20021000-7f8d24000000 ---p 00000000 00:00 0 
7f8d24000000-7f8d24293000 rw-p 00000000 00:00 0 
7f8d24293000-7f8d28000000 ---p 00000000 00:00 0 
7f8d28000000-7f8d28021000 rw-p 00000000 00:00 0 
7f8d28021000-7f8d2c000000 ---p 00000000 00:00 0 
7f8d2c000000-7f8d2c021000 rw-p 00000000 00:00 0 
7f8d2c021000-7f8d30000000 ---p 00000000 00:00 0 
7f8d30000000-7f8d30528000 rw-p 00000000 00:00 0 
7f8d30528000-7f8d34000000 ---p 00000000 00:00 0 
7f8d34000000-7f8d34059000 rw-p 00000000 00:00 0 
7f8d34059000-7f8d38000000 ---p 00000000 00:00 0 
7f8d38000000-7f8d38021000 rw-p 00000000 00:00 0 
7f8d38021000-7f8d3c000000 ---p 00000000 00:00 0 
7f8d3c000000-7f8d3da80000 rw-p 00000000 00:00 0 
7f8d3da80000-7f8d40000000 ---p 00000000 00:00 0 
7f8d40000000-7f8d40021000 rw-p 00000000 00:00 0 
7f8d40021000-7f8d44000000 ---p 00000000 00:00 0 
7f8d44000000-7f8d44021000 rw-p 00000000 00:00 0 
7f8d44021000-7f8d48000000 ---p 00000000 00:00 0 
7f8d48000000-7f8d4a77c000 rw-p 00000000 00:00 0 
7f8d4a77c000-7f8d4c000000 ---p 00000000 00:00 0 
7f8d4c000000-7f8d4d31a000 rw-p 00000000 00:00 0 
7f8d4d31a000-7f8d50000000 ---p 00000000 00:00 0 
7f8d50000000-7f8d52c57000 rw-p 00000000 00:00 0 
7f8d52c57000-7f8d54000000 ---p 00000000 00:00 0 
7f8d54000000-7f8d55f58000 rw-p 00000000 00:00 0 
7f8d55f58000-7f8d58000000 ---p 00000000 00:00 0 
7f8d58000000-7f8d58021000 rw-p 00000000 00:00 0 
7f8d58021000-7f8d5c000000 ---p 00000000 00:00 0 
7f8d5c000000-7f8d5c021000 rw-p 00000000 00:00 0 
7f8d5c021000-7f8d60000000 ---p 00000000 00:00 0 
7f8d60000000-7f8d6002b000 rw-p 00000000 00:00 0 
7f8d6002b000-7f8d64000000 ---p 00000000 00:00 0 
7f8d64000000-7f8d64021000 rw-p 00000000 00:00 0 
7f8d64021000-7f8d68000000 ---p 00000000 00:00 0 
7f8d68000000-7f8d68021000 rw-p 00000000 00:00 0 
7f8d68021000-7f8d6c000000 ---p 00000000 00:00 0 
7f8d6c000000-7f8d6c031000 rw-p 00000000 00:00 0 
7f8d6c031000-7f8d70000000 ---p 00000000 00:00 0 
7f8d70000000-7f8d70021000 rw-p 00000000 00:00 0 
7f8d70021000-7f8d74000000 ---p 00000000 00:00 0 
7f8d752ed000-7f8d753ed000 rw-p 00000000 00:00 0 
7f8d753ed000-7f8d754ed000 ---p 00000000 00:00 0 
7f8d754ed000-7f8d756ed000 rw-p 00000000 00:00 0 
7f8d756ed000-7f8d756f0000 ---p 00000000 00:00 0 
7f8d756f0000-7f8d757ee000 rw-p 00000000 00:00 0 
7f8d757ee000-7f8d757f1000 ---p 00000000 00:00 0 
7f8d757f1000-7f8d758ef000 rw-p 00000000 00:00 0 
7f8d758ef000-7f8d758f2000 ---p 00000000 00:00 0 
7f8d758f2000-7f8d759f0000 rw-p 00000000 00:00 0 
7f8d759f0000-7f8d759f3000 ---p 00000000 00:00 0 
7f8d759f3000-7f8d75af1000 rw-p 00000000 00:00 0 
7f8d75af1000-7f8d75af4000 ---p 00000000 00:00 0 
7f8d75af4000-7f8d75bf2000 rw-p 00000000 00:00 0 
7f8d75bf2000-7f8d75bf5000 ---p 00000000 00:00 0 
7f8d75bf5000-7f8d75cf3000 rw-p 00000000 00:00 0 
7f8d75cf3000-7f8d75cf6000 ---p 00000000 00:00 0 
7f8d75cf6000-7f8d75df4000 rw-p 00000000 00:00 0 
7f8d75df4000-7f8d75df7000 ---p 00000000 00:00 0 
7f8d75df7000-7f8d75ef5000 rw-p 00000000 00:00 0 
7f8d75ef5000-7f8d75ef8000 ---p 00000000 00:00 0 
7f8d75ef8000-7f8d75ff6000 rw-p 00000000 00:00 0 
7f8d75ff6000-7f8d75ff9000 ---p 00000000 00:00 0 
7f8d75ff9000-7f8d760f7000 rw-p 00000000 00:00 0 
7f8d760f7000-7f8d760fa000 ---p 00000000 00:00 0 
7f8d760fa000-7f8d761f8000 rw-p 00000000 00:00 0 
7f8d761f8000-7f8d761fb000 ---p 00000000 00:00 0 
7f8d761fb000-7f8d762f9000 rw-p 00000000 00:00 0 
7f8d762f9000-7f8d762fc000 ---p 00000000 00:00 0 
7f8d762fc000-7f8d763fa000 rw-p 00000000 00:00 0 
7f8d763fa000-7f8d763fd000 ---p 00000000 00:00 0 
7f8d763fd000-7f8d764fb000 rw-p 00000000 00:00 0 
7f8d764fb000-7f8d764fe000 ---p 00000000 00:00 0 
7f8d764fe000-7f8d765fc000 rw-p 00000000 00:00 0 
7f8d765fc000-7f8d765ff000 ---p 00000000 00:00 0 
7f8d765ff000-7f8d766fd000 rw-p 00000000 00:00 0 
7f8d766fd000-7f8d76700000 ---p 00000000 00:00 0 
7f8d76700000-7f8d769fa000 rw-p 00000000 00:00 0 
7f8d769fa000-7f8d769fe000 ---p 00000000 00:00 0 
7f8d769fe000-7f8d76bfe000 rw-p 00000000 00:00 0 
7f8d76bfe000-7f8d76dfe000 rw-p 00000000 00:00 0 
7f8d76dfe000-7f8d76ffe000 rw-p 00000000 00:00 0 
7f8d76ffe000-7f8d771fe000 rw-p 00000000 00:00 0 
7f8d771fe000-7f8d773fe000 rw-p 00000000 00:00 0 
7f8d773fe000-7f8d775fe000 rw-p 00000000 00:00 0 
7f8d775fe000-7f8d777fe000 rw-p 00000000 00:00 0 
7f8d777fe000-7f8d779fe000 rw-p 00000000 00:00 0 
7f8d779fe000-7f8d77a01000 ---p 00000000 00:00 0 
7f8d77a01000-7f8d77aff000 rw-p 00000000 00:00 0 
7f8d77aff000-7f8d77b02000 ---p 00000000 00:00 0 
7f8d77b02000-7f8d77e00000 rw-p 00000000 00:00 0 
7f8d77e00000-7f8d78000000 rw-p 00000000 00:00 0 
7f8d78000000-7f8d78028000 rw-p 00000000 00:00 0 
7f8d78028000-7f8d7c000000 ---p 00000000 00:00 0 
7f8d7c0ed000-7f8d7c0f0000 ---p 00000000 00:00 0 
7f8d7c0f0000-7f8d7c3ee000 rw-p 00000000 00:00 0 
7f8d7c3ee000-7f8d7c5ee000 rw-p 00000000 00:00 0 
7f8d7c5ee000-7f8d7c7ee000 rw-p 00000000 00:00 0 
7f8d7c7ee000-7f8d7c9ee000 rw-p 00000000 00:00 0 
7f8d7c9ee000-7f8d7cbee000 rw-p 00000000 00:00 0 
7f8d7cbee000-7f8d7cdee000 rw-p 00000000 00:00 0 
7f8d7cdee000-7f8d7cdff000 r-xp 00000000 08:01 403757                     /home/tangjf/programs/env/jdk1.8.0_181/jre/lib/amd64/libnio.so
7f8d7cdff000-7f8d7cffe000 ---p 00011000 08:01 403757                     /home/tangjf/programs/env/jdk1.8.0_181/jre/lib/amd64/libnio.so
7f8d7cffe000-7f8d7cfff000 rw-p 00010000 08:01 403757                     /home/tangjf/programs/env/jdk1.8.0_181/jre/lib/amd64/libnio.so
7f8d7cfff000-7f8d80000000 rw-p 00000000 00:00 0 
7f8d80000000-7f8d80021000 rw-p 00000000 00:00 0 
7f8d80021000-7f8d84000000 ---p 00000000 00:00 0 
7f8d84088000-7f8d8408b000 r--s 0001a000 08:01 403770                     /home/tangjf/programs/env/jdk1.8.0_181/jre/lib/jce.jar
7f8d8408b000-7f8d84090000 r--s 002f9000 08:01 403692                     /home/tangjf/programs/env/jdk1.8.0_181/jre/lib/charsets.jar
7f8d84090000-7f8d84095000 r--s 0009d000 08:01 403699                     /home/tangjf/programs/env/jdk1.8.0_181/jre/lib/jsse.jar
7f8d84095000-7f8d84098000 ---p 00000000 00:00 0 
7f8d84098000-7f8d84396000 rw-p 00000000 00:00 0 
7f8d84396000-7f8d84596000 rw-p 00000000 00:00 0 
7f8d84596000-7f8d8462b000 r--s 0110e000 08:01 788020                     /home/tangjf/programs/env/jdk1.8.0_181/jre/lib/ext/jfxrt.jar
7f8d8462b000-7f8d8482b000 rw-p 00000000 00:00 0 
7f8d8482b000-7f8d84841000 r-xp 00000000 08:01 403754                     /home/tangjf/programs/env/jdk1.8.0_181/jre/lib/amd64/libnet.so
7f8d84841000-7f8d84a41000 ---p 00016000 08:01 403754                     /home/tangjf/programs/env/jdk1.8.0_181/jre/lib/amd64/libnet.so
7f8d84a41000-7f8d84a42000 rw-p 00016000 08:01 403754                     /home/tangjf/programs/env/jdk1.8.0_181/jre/lib/amd64/libnet.so
7f8d84a42000-7f8d84a4b000 r-xp 00000000 08:01 403762                     /home/tangjf/programs/env/jdk1.8.0_181/jre/lib/amd64/libmanagement.so
7f8d84a4b000-7f8d84c4a000 ---p 00009000 08:01 403762                     /home/tangjf/programs/env/jdk1.8.0_181/jre/lib/amd64/libmanagement.so
7f8d84c4a000-7f8d84c4b000 rw-p 00008000 08:01 403762                     /home/tangjf/programs/env/jdk1.8.0_181/jre/lib/amd64/libmanagement.so
7f8d84c4b000-7f8d84e4b000 rw-p 00000000 00:00 0 
7f8d84e4b000-7f8d84e4e000 ---p 00000000 00:00 0 
7f8d84e4e000-7f8d84f4c000 rw-p 00000000 00:00 0 
7f8d84f4c000-7f8d84f4f000 ---p 00000000 00:00 0 
7f8d84f4f000-7f8d8504d000 rw-p 00000000 00:00 0 
7f8d8504d000-7f8d85050000 ---p 00000000 00:00 0 
7f8d85050000-7f8d8514e000 rw-p 00000000 00:00 0 
7f8d8514e000-7f8d8514f000 r--s 00009000 08:01 1449792                    /home/tangjf/.m2/repository/org/thymeleaf/extras/thymeleaf-extras-java8time/3.0.1.RELEASE/thymeleaf-extras-java8time-3.0.1.RELEASE.jar
7f8d8514f000-7f8d85152000 r--s 00026000 08:01 1449790                    /home/tangjf/.m2/repository/org/unbescape/unbescape/1.1.5.RELEASE/unbescape-1.1.5.RELEASE.jar
7f8d85152000-7f8d85156000 r--s 00035000 08:01 1049275                    /home/tangjf/.m2/repository/org/attoparser/attoparser/2.0.4.RELEASE/attoparser-2.0.4.RELEASE.jar
7f8d85156000-7f8d85166000 r--s 000c5000 08:01 1449788                    /home/tangjf/.m2/repository/org/thymeleaf/thymeleaf/3.0.9.RELEASE/thymeleaf-3.0.9.RELEASE.jar
7f8d85166000-7f8d8516a000 r--s 00027000 08:01 1449786                    /home/tangjf/.m2/repository/org/thymeleaf/thymeleaf-spring5/3.0.9.RELEASE/thymeleaf-spring5-3.0.9.RELEASE.jar
7f8d8516a000-7f8d8516b000 r--s 00000000 08:01 1449784                    /home/tangjf/.m2/repository/org/springframework/boot/spring-boot-starter-thymeleaf/2.0.5.RELEASE/spring-boot-starter-thymeleaf-2.0.5.RELEASE.jar
7f8d8516b000-7f8d85170000 r--s 00040000 08:01 1049171                    /home/tangjf/.m2/repository/org/springframework/spring-expression/5.0.9.RELEASE/spring-expression-5.0.9.RELEASE.jar
7f8d85170000-7f8d8517f000 r--s 000b3000 08:01 1049237                    /home/tangjf/.m2/repository/org/springframework/spring-webmvc/5.0.9.RELEASE/spring-webmvc-5.0.9.RELEASE.jar
7f8d8517f000-7f8d85199000 r--s 0011b000 08:01 1049235                    /home/tangjf/.m2/repository/org/springframework/spring-web/5.0.9.RELEASE/spring-web-5.0.9.RELEASE.jar
7f8d85199000-7f8d8519e000 r--s 00012000 08:01 1049229                    /home/tangjf/.m2/repository/javax/validation/validation-api/2.0.1.Final/validation-api-2.0.1.Final.jar
7f8d8519e000-7f8d851bb000 r--s 000fe000 08:01 1049227                    /home/tangjf/.m2/repository/org/hibernate/validator/hibernate-validator/6.0.12.Final/hibernate-validator-6.0.12.Final.jar
7f8d851bb000-7f8d851c0000 r--s 0003a000 08:01 1049225                    /home/tangjf/.m2/repository/org/apache/tomcat/embed/tomcat-embed-websocket/8.5.34/tomcat-embed-websocket-8.5.34.jar
7f8d851c0000-7f8d851c5000 r--s 00038000 08:01 1049223                    /home/tangjf/.m2/repository/org/apache/tomcat/embed/tomcat-embed-el/8.5.34/tomcat-embed-el-8.5.34.jar
7f8d851c5000-7f8d851ef000 r--s 002d5000 08:01 1049221                    /home/tangjf/.m2/repository/org/apache/tomcat/embed/tomcat-embed-core/8.5.34/tomcat-embed-core-8.5.34.jar
7f8d851ef000-7f8d851f0000 r--s 00000000 08:01 1049219                    /home/tangjf/.m2/repository/org/springframework/boot/spring-boot-starter-tomcat/2.0.5.RELEASE/spring-boot-starter-tomcat-2.0.5.RELEASE.jar
7f8d851f0000-7f8d851f2000 r--s 00001000 08:01 1449723                    /home/tangjf/.m2/repository/com/fasterxml/jackson/module/jackson-module-parameter-names/2.9.6/jackson-module-parameter-names-2.9.6.jar
7f8d851f2000-7f8d851f5000 r--s 00016000 08:01 1049217                    /home/tangjf/.m2/repository/com/fasterxml/jackson/datatype/jackson-datatype-jsr310/2.9.6/jackson-datatype-jsr310-2.9.6.jar
7f8d851f5000-7f8d851f7000 r--s 00007000 08:01 1049215                    /home/tangjf/.m2/repository/com/fasterxml/jackson/datatype/jackson-datatype-jdk8/2.9.6/jackson-datatype-jdk8-2.9.6.jar
7f8d851f7000-7f8d851fc000 r--s 0004b000 08:01 1049213                    /home/tangjf/.m2/repository/com/fasterxml/jackson/core/jackson-core/2.9.6/jackson-core-2.9.6.jar
7f8d851fc000-7f8d851ff000 r--s 0000e000 08:01 1049211                    /home/tangjf/.m2/repository/com/fasterxml/jackson/core/jackson-annotations/2.9.0/jackson-annotations-2.9.0.jar
7f8d851ff000-7f8d85212000 r--s 00137000 08:01 1049209                    /home/tangjf/.m2/repository/com/fasterxml/jackson/core/jackson-databind/2.9.6/jackson-databind-2.9.6.jar
7f8d85212000-7f8d85213000 r--s 00000000 08:01 1049207                    /home/tangjf/.m2/repository/org/springframework/boot/spring-boot-starter-json/2.0.5.RELEASE/spring-boot-starter-json-2.0.5.RELEASE.jar
7f8d85213000-7f8d85214000 r--s 00000000 08:01 1049205                    /home/tangjf/.m2/repository/org/springframework/boot/spring-boot-starter-web/2.0.5.RELEASE/spring-boot-starter-web-2.0.5.RELEASE.jar
7f8d85214000-7f8d8521b000 r--s 00042000 08:01 1049253                    /home/tangjf/.m2/repository/org/yaml/snakeyaml/1.19/snakeyaml-1.19.jar
7f8d8521b000-7f8d8521d000 r--s 00004000 08:01 1049199                    /home/tangjf/.m2/repository/org/springframework/spring-jcl/5.0.9.RELEASE/spring-jcl-5.0.9.RELEASE.jar
7f8d8521d000-7f8d85235000 r--s 00114000 08:01 1049197                    /home/tangjf/.m2/repository/org/springframework/spring-core/5.0.9.RELEASE/spring-core-5.0.9.RELEASE.jar
7f8d85235000-7f8d85237000 r--s 00005000 08:01 1449729                    /home/tangjf/.m2/repository/javax/annotation/javax.annotation-api/1.3.2/javax.annotation-api-1.3.2.jar
7f8d85237000-7f8d85239000 r--s 00000000 08:01 1049251                    /home/tangjf/.m2/repository/org/slf4j/jul-to-slf4j/1.7.25/jul-to-slf4j-1.7.25.jar
7f8d85239000-7f8d8523f000 r--s 00039000 08:01 1449727                    /home/tangjf/.m2/repository/org/apache/logging/log4j/log4j-api/2.10.0/log4j-api-2.10.0.jar
7f8d8523f000-7f8d85241000 r--s 00003000 08:01 1449725                    /home/tangjf/.m2/repository/org/apache/logging/log4j/log4j-to-slf4j/2.10.0/log4j-to-slf4j-2.10.0.jar
7f8d85241000-7f8d8524c000 r--s 00069000 08:01 1049249                    /home/tangjf/.m2/repository/ch/qos/logback/logback-core/1.2.3/logback-core-1.2.3.jar
7f8d8524c000-7f8d85252000 r--s 00041000 08:01 1049247                    /home/tangjf/.m2/repository/ch/qos/logback/logback-classic/1.2.3/logback-classic-1.2.3.jar
7f8d85252000-7f8d85253000 r--s 00000000 08:01 1049245                    /home/tangjf/.m2/repository/org/springframework/boot/spring-boot-starter-logging/2.0.5.RELEASE/spring-boot-starter-logging-2.0.5.RELEASE.jar
7f8d85253000-7f8d85254000 r--s 00000000 08:01 1049239                    /home/tangjf/.m2/repository/org/springframework/boot/spring-boot-starter/2.0.5.RELEASE/spring-boot-starter-2.0.5.RELEASE.jar
7f8d85254000-7f8d85275000 r--s 000fe000 08:01 1049243                    /home/tangjf/.m2/repository/org/springframework/boot/spring-boot-autoconfigure/2.0.5.RELEASE/spring-boot-autoconfigure-2.0.5.RELEASE.jar
7f8d85275000-7f8d8528a000 r--s 000d0000 08:01 1049241                    /home/tangjf/.m2/repository/org/springframework/boot/spring-boot/2.0.5.RELEASE/spring-boot-2.0.5.RELEASE.jar
7f8d8528a000-7f8d85290000 r--s 0002d000 08:01 1049273                    /home/tangjf/.m2/repository/org/springframework/boot/spring-boot-devtools/2.0.5.RELEASE/spring-boot-devtools-2.0.5.RELEASE.jar
7f8d85290000-7f8d85292000 r--s 00005000 08:01 1184310                    /home/tangjf/.m2/repository/stax/stax-api/1.0.1/stax-api-1.0.1.jar
7f8d85292000-7f8d852d0000 r--s 0025d000 08:01 1185939                    /home/tangjf/.m2/repository/org/apache/xmlbeans/xmlbeans/2.6.0/xmlbeans-2.6.0.jar
7f8d852d0000-7f8d85390000 r--s 004e6000 08:01 1185937                    /home/tangjf/.m2/repository/org/apache/poi/poi-ooxml-schemas/3.14/poi-ooxml-schemas-3.14.jar
7f8d85390000-7f8d85393000 r--s 00014000 08:01 1185935                    /home/tangjf/.m2/repository/com/github/virtuald/curvesapi/1.03/curvesapi-1.03.jar
7f8d85393000-7f8d853a4000 r--s 0012a000 08:01 1185933                    /home/tangjf/.m2/repository/org/apache/poi/poi-ooxml/3.14/poi-ooxml-3.14.jar
7f8d853a4000-7f8d853ab000 r--s 0004b000 08:01 1049257                    /home/tangjf/.m2/repository/commons-codec/commons-codec/1.11/commons-codec-1.11.jar
7f8d853ab000-7f8d853d5000 r--s 00240000 08:01 1185931                    /home/tangjf/.m2/repository/org/apache/poi/poi/3.14/poi-3.14.jar
7f8d853d5000-7f8d853db000 r--s 0006c000 08:01 1183157                    /home/tangjf/.m2/repository/com/alibaba/fastjson/1.2.32/fastjson-1.2.32.jar
7f8d853db000-7f8d853e3000 r--s 00072000 08:01 1183155                    /home/tangjf/.m2/repository/org/apache/commons/commons-lang3/3.7/commons-lang3-3.7.jar
7f8d853e3000-7f8d853e4000 r--s 00000000 08:01 1183147                    /home/tangjf/.m2/repository/org/codehaus/mojo/animal-sniffer-annotations/1.14/animal-sniffer-annotations-1.14.jar
7f8d853e4000-7f8d853e6000 r--s 00001000 08:01 1183145                    /home/tangjf/.m2/repository/com/google/j2objc/j2objc-annotations/1.1/j2objc-annotations-1.1.jar
7f8d853e6000-7f8d853e8000 r--s 00002000 08:01 1183143                    /home/tangjf/.m2/repository/com/google/errorprone/error_prone_annotations/2.1.3/error_prone_annotations-2.1.3.jar
7f8d853e8000-7f8d853ea000 r--s 00006000 08:01 1183141                    /home/tangjf/.m2/repository/org/checkerframework/checker-compat-qual/2.0.0/checker-compat-qual-2.0.0.jar
7f8d853ea000-7f8d853ed000 r--s 00006000 08:01 1183139                    /home/tangjf/.m2/repository/com/google/code/findbugs/jsr305/1.3.9/jsr305-1.3.9.jar
7f8d853ed000-7f8d8541f000 r--s 00264000 08:01 1183137                    /home/tangjf/.m2/repository/com/google/guava/guava/23.6-jre/guava-23.6-jre.jar
7f8d8541f000-7f8d85428000 r--s 0005e000 08:01 1449741                    /home/tangjf/.m2/repository/org/springframework/spring-websocket/5.0.9.RELEASE/spring-websocket-5.0.9.RELEASE.jar
7f8d85428000-7f8d85431000 r--s 00054000 08:01 1449739                    /home/tangjf/.m2/repository/org/springframework/spring-messaging/5.0.9.RELEASE/spring-messaging-5.0.9.RELEASE.jar
7f8d85431000-7f8d85432000 r--s 00000000 08:01 1449737                    /home/tangjf/.m2/repository/org/springframework/boot/spring-boot-starter-websocket/2.0.5.RELEASE/spring-boot-starter-websocket-2.0.5.RELEASE.jar
7f8d85432000-7f8d85434000 r--s 0000c000 08:01 1183089                    /home/tangjf/.m2/repository/org/mybatis/mybatis-spring/1.3.1/mybatis-spring-1.3.1.jar
7f8d85434000-7f8d8544d000 r--s 0016e000 08:01 1183087                    /home/tangjf/.m2/repository/org/mybatis/mybatis/3.4.4/mybatis-3.4.4.jar
7f8d8544d000-7f8d8544e000 r--s 00003000 08:01 1183085                    /home/tangjf/.m2/repository/org/mybatis/spring/boot/mybatis-spring-boot-autoconfigure/1.3.0/mybatis-spring-boot-autoconfigure-1.3.0.jar
7f8d8544e000-7f8d8544f000 r--s 00000000 08:01 1183075                    /home/tangjf/.m2/repository/org/mybatis/spring/boot/mybatis-spring-boot-starter/1.3.0/mybatis-spring-boot-starter-1.3.0.jar
7f8d8544f000-7f8d85451000 r--s 0000e000 08:01 1183043                    /home/tangjf/.m2/repository/javax/activation/activation/1.1/activation-1.1.jar
7f8d85451000-7f8d85459000 r--s 00099000 08:01 1449716                    /home/tangjf/.m2/repository/com/sun/mail/javax.mail/1.6.2/javax.mail-1.6.2.jar
7f8d85459000-7f8d8545d000 r--s 00028000 08:01 1449714                    /home/tangjf/.m2/repository/org/springframework/spring-context-support/5.0.9.RELEASE/spring-context-support-5.0.9.RELEASE.jar
7f8d8545d000-7f8d8545e000 r--s 00000000 08:01 1449712                    /home/tangjf/.m2/repository/org/springframework/boot/spring-boot-starter-mail/2.0.5.RELEASE/spring-boot-starter-mail-2.0.5.RELEASE.jar
7f8d8545e000-7f8d85475000 r--s 00173000 08:01 1449710                    /home/tangjf/.m2/repository/org/projectlombok/lombok/1.16.22/lombok-1.16.22.jar
7f8d85475000-7f8d85482000 r--s 00083000 08:01 1184424                    /home/tangjf/.m2/repository/commons-collections/commons-collections/3.2.2/commons-collections-3.2.2.jar
7f8d85482000-7f8d85484000 r--s 0000e000 08:01 1183133                    /home/tangjf/.m2/repository/commons-logging/commons-logging/1.2/commons-logging-1.2.jar
7f8d85484000-7f8d85489000 r--s 00038000 08:01 1058108                    /home/tangjf/.m2/repository/commons-beanutils/commons-beanutils/1.9.3/commons-beanutils-1.9.3.jar
7f8d85489000-7f8d8548e000 r--s 00036000 08:01 1449708                    /home/tangjf/.m2/repository/com/google/code/gson/gson/2.8.5/gson-2.8.5.jar
7f8d8548e000-7f8d8548f000 r--s 00004000 08:01 930887                     /home/tangjf/.m2/repository/org/apache/ant/ant-launcher/1.10.3/ant-launcher-1.10.3.jar
7f8d8548f000-7f8d854ae000 r--s 001fc000 08:01 930885                     /home/tangjf/.m2/repository/org/apache/ant/ant/1.10.3/ant-1.10.3.jar
7f8d854ae000-7f8d854b0000 r--s 0001a000 08:01 930883                     /home/tangjf/.m2/repository/org/ow2/asm/asm/6.2/asm-6.2.jar
7f8d854b0000-7f8d854b7000 r--s 00043000 08:01 1191413                    /home/tangjf/.m2/repository/cglib/cglib/3.2.7/cglib-3.2.7.jar
7f8d854b7000-7f8d854b9000 r--s 0000a000 08:01 1449938                    /home/tangjf/.m2/repository/org/springframework/spring-aspects/5.0.9.RELEASE/spring-aspects-5.0.9.RELEASE.jar
7f8d854b9000-7f8d854bb000 r--s 00009000 08:01 1049185                    /home/tangjf/.m2/repository/org/slf4j/slf4j-api/1.7.25/slf4j-api-1.7.25.jar
7f8d854bb000-7f8d854c8000 r--s 00095000 08:01 1049169                    /home/tangjf/.m2/repository/org/springframework/spring-beans/5.0.9.RELEASE/spring-beans-5.0.9.RELEASE.jar
7f8d854c8000-7f8d854d0000 r--s 00037000 08:01 1449735                    /home/tangjf/.m2/repository/org/springframework/spring-tx/5.0.9.RELEASE/spring-tx-5.0.9.RELEASE.jar
7f8d854d0000-7f8d854ea000 r--s 000f1000 08:01 1049165                    /home/tangjf/.m2/repository/org/springframework/spring-context/5.0.9.RELEASE/spring-context-5.0.9.RELEASE.jar
7f8d854ea000-7f8d854ee000 r--s 0002b000 08:01 1449936                    /home/tangjf/.m2/repository/org/springframework/spring-orm/5.0.9.RELEASE/spring-orm-5.0.9.RELEASE.jar
7f8d854ee000-7f8d85505000 r--s 000f2000 08:01 1449934                    /home/tangjf/.m2/repository/org/springframework/data/spring-data-commons/2.0.10.RELEASE/spring-data-commons-2.0.10.RELEASE.jar
7f8d85505000-7f8d8550d000 r--s 0004c000 08:01 1449932                    /home/tangjf/.m2/repository/org/springframework/data/spring-data-jpa/2.0.10.RELEASE/spring-data-jpa-2.0.10.RELEASE.jar
7f8d8550d000-7f8d85510000 r--s 00010000 08:01 1314715                    /home/tangjf/.m2/repository/org/hibernate/common/hibernate-commons-annotations/5.0.1.Final/hibernate-commons-annotations-5.0.1.Final.jar
7f8d85510000-7f8d85515000 r--s 00048000 08:01 1314713                    /home/tangjf/.m2/repository/dom4j/dom4j/1.6.1/dom4j-1.6.1.jar
7f8d85515000-7f8d85517000 r--s 0000e000 08:01 1049233                    /home/tangjf/.m2/repository/com/fasterxml/classmate/1.3.4/classmate-1.3.4.jar
7f8d85517000-7f8d8551a000 r--s 0002b000 08:01 1449930                    /home/tangjf/.m2/repository/org/jboss/jandex/2.0.3.Final/jandex-2.0.3.Final.jar
7f8d8551a000-7f8d8551f000 r--s 00068000 08:01 1184324                    /home/tangjf/.m2/repository/antlr/antlr/2.7.7/antlr-2.7.7.jar
7f8d8551f000-7f8d85529000 r--s 000ab000 08:01 1449565                    /home/tangjf/.m2/repository/org/javassist/javassist/3.22.0-GA/javassist-3.22.0-GA.jar
7f8d85529000-7f8d8552e000 r--s 00017000 08:01 1449434                    /home/tangjf/.m2/repository/org/hibernate/javax/persistence/hibernate-jpa-2.1-api/1.0.2.Final/hibernate-jpa-2.1-api-1.0.2.Final.jar
7f8d8552e000-7f8d85530000 r--s 0000f000 08:01 1049231                    /home/tangjf/.m2/repository/org/jboss/logging/jboss-logging/3.3.2.Final/jboss-logging-3.3.2.Final.jar
7f8d85530000-7f8d855ae000 r--s 005f0000 08:01 1449432                    /home/tangjf/.m2/repository/org/hibernate/hibernate-core/5.2.17.Final/hibernate-core-5.2.17.Final.jar
7f8d855ae000-7f8d855b7000 r--s 00059000 08:01 1449733                    /home/tangjf/.m2/repository/org/springframework/spring-jdbc/5.0.9.RELEASE/spring-jdbc-5.0.9.RELEASE.jar
7f8d855b7000-7f8d855bb000 r--s 00020000 08:01 1049255                    /home/tangjf/.m2/repository/com/zaxxer/HikariCP/2.7.9/HikariCP-2.7.9.jar
7f8d855bb000-7f8d855d4000 r--s 001bf000 08:01 1449430                    /home/tangjf/.m2/repository/org/aspectj/aspectjweaver/1.8.13/aspectjweaver-1.8.13.jar
7f8d855d4000-7f8d855dd000 r--s 00051000 08:01 1049167                    /home/tangjf/.m2/repository/org/springframework/spring-aop/5.0.9.RELEASE/spring-aop-5.0.9.RELEASE.jar
7f8d855dd000-7f8d855e6000 r--s 000ed000 08:01 1449782                    /home/tangjf/.m2/repository/mysql/mysql-connector-java/5.1.47/mysql-connector-java-5.1.47.jar
7f8d855e6000-7f8d855eb000 r--s 00084000 08:01 403644                     /home/tangjf/programs/env/jdk1.8.0_181/jre/lib/jfr.jar
7f8d855eb000-7f8d855f0000 r--s 002f9000 08:01 403692                     /home/tangjf/programs/env/jdk1.8.0_181/jre/lib/charsets.jar
7f8d855f0000-7f8d855f1000 ---p 00000000 00:00 0 
7f8d855f1000-7f8d856f1000 rw-p 00000000 00:00 0 
7f8d856f1000-7f8d856f4000 ---p 00000000 00:00 0 
7f8d856f4000-7f8d857f2000 rw-p 00000000 00:00 0 
7f8d857f2000-7f8d857f3000 ---p 00000000 00:00 0 
7f8d857f3000-7f8d857f6000 ---p 00000000 00:00 0 
7f8d857f6000-7f8d858f3000 rw-p 00000000 00:00 0 
7f8d858f3000-7f8d858f4000 ---p 00000000 00:00 0 
7f8d858f4000-7f8d858f7000 ---p 00000000 00:00 0 
7f8d858f7000-7f8d859f4000 rw-p 00000000 00:00 0 
7f8d859f4000-7f8d859f5000 ---p 00000000 00:00 0 
7f8d859f5000-7f8d859f8000 ---p 00000000 00:00 0 
7f8d859f8000-7f8d85af5000 rw-p 00000000 00:00 0 
7f8d85af5000-7f8d85af6000 ---p 00000000 00:00 0 
7f8d85af6000-7f8d85af9000 ---p 00000000 00:00 0 
7f8d85af9000-7f8d85bf6000 rw-p 00000000 00:00 0 
7f8d85bf6000-7f8d85bf9000 ---p 00000000 00:00 0 
7f8d85bf9000-7f8d85cf7000 rw-p 00000000 00:00 0 
7f8d85cf7000-7f8d866c6000 r--p 00000000 08:01 1448649                    /usr/lib/locale/locale-archive
7f8d866c6000-7f8d866c9000 ---p 00000000 00:00 0 
7f8d866c9000-7f8d867c7000 rw-p 00000000 00:00 0 
7f8d867c7000-7f8d867ca000 ---p 00000000 00:00 0 
7f8d867ca000-7f8d868c8000 rw-p 00000000 00:00 0 
7f8d868c8000-7f8d868c9000 ---p 00000000 00:00 0 
7f8d868c9000-7f8d88000000 rw-p 00000000 00:00 0 
7f8d88000000-7f8d88021000 rw-p 00000000 00:00 0 
7f8d88021000-7f8d8c000000 ---p 00000000 00:00 0 
7f8d8c000000-7f8d8c021000 rw-p 00000000 00:00 0 
7f8d8c021000-7f8d90000000 ---p 00000000 00:00 0 
7f8d90000000-7f8d90021000 rw-p 00000000 00:00 0 
7f8d90021000-7f8d94000000 ---p 00000000 00:00 0 
7f8d94000000-7f8d94002000 r--s 00006000 08:01 1314712                    /home/tangjf/.m2/repository/javax/transaction/javax.transaction-api/1.2/javax.transaction-api-1.2.jar
7f8d94002000-7f8d945ee000 rw-p 00000000 00:00 0 
7f8d945ee000-7f8d947c8000 r--s 03d6b000 08:01 403694                     /home/tangjf/programs/env/jdk1.8.0_181/jre/lib/rt.jar
7f8d947c8000-7f8d97063000 rw-p 00000000 00:00 0 
7f8d97063000-7f8d97064000 ---p 00000000 00:00 0 
7f8d97064000-7f8d97164000 rw-p 00000000 00:00 0 
7f8d97164000-7f8d97165000 ---p 00000000 00:00 0 
7f8d97165000-7f8d97265000 rw-p 00000000 00:00 0 
7f8d97265000-7f8d97266000 ---p 00000000 00:00 0 
7f8d97266000-7f8d97366000 rw-p 00000000 00:00 0 
7f8d97366000-7f8d97367000 ---p 00000000 00:00 0 
7f8d97367000-7f8d97467000 rw-p 00000000 00:00 0 
7f8d97467000-7f8d97468000 ---p 00000000 00:00 0 
7f8d97468000-7f8d97568000 rw-p 00000000 00:00 0 
7f8d97568000-7f8d97569000 ---p 00000000 00:00 0 
7f8d97569000-7f8d97669000 rw-p 00000000 00:00 0 
7f8d97669000-7f8d9766a000 ---p 00000000 00:00 0 
7f8d9766a000-7f8d9776a000 rw-p 00000000 00:00 0 
7f8d9776a000-7f8d9776b000 ---p 00000000 00:00 0 
7f8d9776b000-7f8d97902000 rw-p 00000000 00:00 0 
7f8d97902000-7f8d979b3000 ---p 00000000 00:00 0 
7f8d979b3000-7f8d97a4a000 rw-p 00000000 00:00 0 
7f8d97a4a000-7f8d97afa000 ---p 00000000 00:00 0 
7f8d97afa000-7f8d97b3a000 rw-p 00000000 00:00 0 
7f8d97b3a000-7f8d97b9e000 ---p 00000000 00:00 0 
7f8d97b9e000-7f8d97be4000 rw-p 00000000 00:00 0 
7f8d97be4000-7f8d97f5f000 ---p 00000000 00:00 0 
7f8d97f5f000-7f8d9907f000 rwxp 00000000 00:00 0 
7f8d9907f000-7f8da6f5f000 ---p 00000000 00:00 0 
7f8da6f5f000-7f8da6f7a000 r-xp 00000000 08:01 403750                     /home/tangjf/programs/env/jdk1.8.0_181/jre/lib/amd64/libzip.so
7f8da6f7a000-7f8da717a000 ---p 0001b000 08:01 403750                     /home/tangjf/programs/env/jdk1.8.0_181/jre/lib/amd64/libzip.so
7f8da717a000-7f8da717b000 rw-p 0001b000 08:01 403750                     /home/tangjf/programs/env/jdk1.8.0_181/jre/lib/amd64/libzip.so
7f8da717b000-7f8da7186000 r-xp 00000000 08:01 1578530                    /lib/x86_64-linux-gnu/libnss_files-2.27.so
7f8da7186000-7f8da7385000 ---p 0000b000 08:01 1578530                    /lib/x86_64-linux-gnu/libnss_files-2.27.so
7f8da7385000-7f8da7386000 r--p 0000a000 08:01 1578530                    /lib/x86_64-linux-gnu/libnss_files-2.27.so
7f8da7386000-7f8da7387000 rw-p 0000b000 08:01 1578530                    /lib/x86_64-linux-gnu/libnss_files-2.27.so
7f8da7387000-7f8da738d000 rw-p 00000000 00:00 0 
7f8da738d000-7f8da73a4000 r-xp 00000000 08:01 1578524                    /lib/x86_64-linux-gnu/libnsl-2.27.so
7f8da73a4000-7f8da75a3000 ---p 00017000 08:01 1578524                    /lib/x86_64-linux-gnu/libnsl-2.27.so
7f8da75a3000-7f8da75a4000 r--p 00016000 08:01 1578524                    /lib/x86_64-linux-gnu/libnsl-2.27.so
7f8da75a4000-7f8da75a5000 rw-p 00017000 08:01 1578524                    /lib/x86_64-linux-gnu/libnsl-2.27.so
7f8da75a5000-7f8da75a7000 rw-p 00000000 00:00 0 
7f8da75a7000-7f8da75b2000 r-xp 00000000 08:01 1578541                    /lib/x86_64-linux-gnu/libnss_nis-2.27.so
7f8da75b2000-7f8da77b1000 ---p 0000b000 08:01 1578541                    /lib/x86_64-linux-gnu/libnss_nis-2.27.so
7f8da77b1000-7f8da77b2000 r--p 0000a000 08:01 1578541                    /lib/x86_64-linux-gnu/libnss_nis-2.27.so
7f8da77b2000-7f8da77b3000 rw-p 0000b000 08:01 1578541                    /lib/x86_64-linux-gnu/libnss_nis-2.27.so
7f8da77b3000-7f8da77bb000 r-xp 00000000 08:01 1578526                    /lib/x86_64-linux-gnu/libnss_compat-2.27.so
7f8da77bb000-7f8da79bb000 ---p 00008000 08:01 1578526                    /lib/x86_64-linux-gnu/libnss_compat-2.27.so
7f8da79bb000-7f8da79bc000 r--p 00008000 08:01 1578526                    /lib/x86_64-linux-gnu/libnss_compat-2.27.so
7f8da79bc000-7f8da79bd000 rw-p 00009000 08:01 1578526                    /lib/x86_64-linux-gnu/libnss_compat-2.27.so
7f8da79bd000-7f8da79e8000 r-xp 00000000 08:01 403744                     /home/tangjf/programs/env/jdk1.8.0_181/jre/lib/amd64/libjava.so
7f8da79e8000-7f8da7be7000 ---p 0002b000 08:01 403744                     /home/tangjf/programs/env/jdk1.8.0_181/jre/lib/amd64/libjava.so
7f8da7be7000-7f8da7be9000 rw-p 0002a000 08:01 403744                     /home/tangjf/programs/env/jdk1.8.0_181/jre/lib/amd64/libjava.so
7f8da7be9000-7f8da7bf6000 r-xp 00000000 08:01 403749                     /home/tangjf/programs/env/jdk1.8.0_181/jre/lib/amd64/libverify.so
7f8da7bf6000-7f8da7df6000 ---p 0000d000 08:01 403749                     /home/tangjf/programs/env/jdk1.8.0_181/jre/lib/amd64/libverify.so
7f8da7df6000-7f8da7df8000 rw-p 0000d000 08:01 403749                     /home/tangjf/programs/env/jdk1.8.0_181/jre/lib/amd64/libverify.so
7f8da7df8000-7f8da7dff000 r-xp 00000000 08:01 1578581                    /lib/x86_64-linux-gnu/librt-2.27.so
7f8da7dff000-7f8da7ffe000 ---p 00007000 08:01 1578581                    /lib/x86_64-linux-gnu/librt-2.27.so
7f8da7ffe000-7f8da7fff000 r--p 00006000 08:01 1578581                    /lib/x86_64-linux-gnu/librt-2.27.so
7f8da7fff000-7f8da8000000 rw-p 00007000 08:01 1578581                    /lib/x86_64-linux-gnu/librt-2.27.so
7f8da8000000-7f8da8a4a000 rw-p 00000000 00:00 0 
7f8da8a4a000-7f8dac000000 ---p 00000000 00:00 0 
7f8dac000000-7f8dac013000 r--s 00345000 08:01 403698                     /home/tangjf/programs/env/jdk1.8.0_181/jre/lib/resources.jar
7f8dac013000-7f8dac0aa000 rw-p 00000000 00:00 0 
7f8dac0aa000-7f8dac247000 r-xp 00000000 08:01 1578503                    /lib/x86_64-linux-gnu/libm-2.27.so
7f8dac247000-7f8dac446000 ---p 0019d000 08:01 1578503                    /lib/x86_64-linux-gnu/libm-2.27.so
7f8dac446000-7f8dac447000 r--p 0019c000 08:01 1578503                    /lib/x86_64-linux-gnu/libm-2.27.so
7f8dac447000-7f8dac448000 rw-p 0019d000 08:01 1578503                    /lib/x86_64-linux-gnu/libm-2.27.so
7f8dac448000-7f8dad124000 r-xp 00000000 08:01 788119                     /home/tangjf/programs/env/jdk1.8.0_181/jre/lib/amd64/server/libjvm.so
7f8dad124000-7f8dad324000 ---p 00cdc000 08:01 788119                     /home/tangjf/programs/env/jdk1.8.0_181/jre/lib/amd64/server/libjvm.so
7f8dad324000-7f8dad3fe000 rw-p 00cdc000 08:01 788119                     /home/tangjf/programs/env/jdk1.8.0_181/jre/lib/amd64/server/libjvm.so
7f8dad3fe000-7f8dad449000 rw-p 00000000 00:00 0 
7f8dad449000-7f8dad630000 r-xp 00000000 08:01 1578440                    /lib/x86_64-linux-gnu/libc-2.27.so
7f8dad630000-7f8dad830000 ---p 001e7000 08:01 1578440                    /lib/x86_64-linux-gnu/libc-2.27.so
7f8dad830000-7f8dad834000 r--p 001e7000 08:01 1578440                    /lib/x86_64-linux-gnu/libc-2.27.so
7f8dad834000-7f8dad836000 rw-p 001eb000 08:01 1578440                    /lib/x86_64-linux-gnu/libc-2.27.so
7f8dad836000-7f8dad83a000 rw-p 00000000 00:00 0 
7f8dad83a000-7f8dad83d000 r-xp 00000000 08:01 1578463                    /lib/x86_64-linux-gnu/libdl-2.27.so
7f8dad83d000-7f8dada3c000 ---p 00003000 08:01 1578463                    /lib/x86_64-linux-gnu/libdl-2.27.so
7f8dada3c000-7f8dada3d000 r--p 00002000 08:01 1578463                    /lib/x86_64-linux-gnu/libdl-2.27.so
7f8dada3d000-7f8dada3e000 rw-p 00003000 08:01 1578463                    /lib/x86_64-linux-gnu/libdl-2.27.so
7f8dada3e000-7f8dada54000 r-xp 00000000 08:01 403589                     /home/tangjf/programs/env/jdk1.8.0_181/lib/amd64/jli/libjli.so
7f8dada54000-7f8dadc53000 ---p 00016000 08:01 403589                     /home/tangjf/programs/env/jdk1.8.0_181/lib/amd64/jli/libjli.so
7f8dadc53000-7f8dadc54000 rw-p 00015000 08:01 403589                     /home/tangjf/programs/env/jdk1.8.0_181/lib/amd64/jli/libjli.so
7f8dadc54000-7f8dadc6e000 r-xp 00000000 08:01 1578573                    /lib/x86_64-linux-gnu/libpthread-2.27.so
7f8dadc6e000-7f8dade6d000 ---p 0001a000 08:01 1578573                    /lib/x86_64-linux-gnu/libpthread-2.27.so
7f8dade6d000-7f8dade6e000 r--p 00019000 08:01 1578573                    /lib/x86_64-linux-gnu/libpthread-2.27.so
7f8dade6e000-7f8dade6f000 rw-p 0001a000 08:01 1578573                    /lib/x86_64-linux-gnu/libpthread-2.27.so
7f8dade6f000-7f8dade73000 rw-p 00000000 00:00 0 
7f8dade73000-7f8dade9a000 r-xp 00000000 08:01 1578412                    /lib/x86_64-linux-gnu/ld-2.27.so
7f8dade9a000-7f8dade9b000 r--s 00000000 08:01 1449731                    /home/tangjf/.m2/repository/org/springframework/boot/spring-boot-starter-jdbc/2.0.5.RELEASE/spring-boot-starter-jdbc-2.0.5.RELEASE.jar
7f8dade9b000-7f8dadf81000 rw-p 00000000 00:00 0 
7f8dadf81000-7f8dadf82000 ---p 00000000 00:00 0 
7f8dadf82000-7f8dadf85000 ---p 00000000 00:00 0 
7f8dadf85000-7f8dae086000 rw-p 00000000 00:00 0 
7f8dae086000-7f8dae087000 r--s 00000000 08:01 1449428                    /home/tangjf/.m2/repository/org/springframework/boot/spring-boot-starter-aop/2.0.5.RELEASE/spring-boot-starter-aop-2.0.5.RELEASE.jar
7f8dae087000-7f8dae088000 r--s 00000000 08:01 1449425                    /home/tangjf/.m2/repository/org/springframework/boot/spring-boot-starter-data-jpa/2.0.5.RELEASE/spring-boot-starter-data-jpa-2.0.5.RELEASE.jar
7f8dae088000-7f8dae08b000 r--s 0001a000 08:01 403770                     /home/tangjf/programs/env/jdk1.8.0_181/jre/lib/jce.jar
7f8dae08b000-7f8dae090000 r--s 0009d000 08:01 403699                     /home/tangjf/programs/env/jdk1.8.0_181/jre/lib/jsse.jar
7f8dae090000-7f8dae098000 rw-s 00000000 08:01 290084                     /tmp/hsperfdata_tangjf/3645
7f8dae098000-7f8dae099000 rw-p 00000000 00:00 0 
7f8dae099000-7f8dae09a000 r--p 00000000 00:00 0 
7f8dae09a000-7f8dae09b000 r--p 00027000 08:01 1578412                    /lib/x86_64-linux-gnu/ld-2.27.so
7f8dae09b000-7f8dae09c000 rw-p 00028000 08:01 1578412                    /lib/x86_64-linux-gnu/ld-2.27.so
7f8dae09c000-7f8dae09d000 rw-p 00000000 00:00 0 
7fffa382e000-7fffa3852000 rw-p 00000000 00:00 0                          [stack]
7fffa3960000-7fffa3963000 r--p 00000000 00:00 0                          [vvar]
7fffa3963000-7fffa3965000 r-xp 00000000 00:00 0                          [vdso]
ffffffffff600000-ffffffffff601000 r-xp 00000000 00:00 0                  [vsyscall]

VM Arguments:
jvm_args: -Dfile.encoding=UTF-8 
java_command: indi.monkey.webapp.WebappStarter
java_class_path (initial): /home/tangjf/programs/env/jdk1.8.0_181/jre/lib/resources.jar:/home/tangjf/programs/env/jdk1.8.0_181/jre/lib/rt.jar:/home/tangjf/programs/env/jdk1.8.0_181/jre/lib/jsse.jar:/home/tangjf/programs/env/jdk1.8.0_181/jre/lib/jce.jar:/home/tangjf/programs/env/jdk1.8.0_181/jre/lib/charsets.jar:/home/tangjf/programs/env/jdk1.8.0_181/jre/lib/jfr.jar:/home/tangjf/programs/env/jdk1.8.0_181/jre/lib/ext/jaccess.jar:/home/tangjf/programs/env/jdk1.8.0_181/jre/lib/ext/zipfs.jar:/home/tangjf/programs/env/jdk1.8.0_181/jre/lib/ext/cldrdata.jar:/home/tangjf/programs/env/jdk1.8.0_181/jre/lib/ext/sunec.jar:/home/tangjf/programs/env/jdk1.8.0_181/jre/lib/ext/dnsns.jar:/home/tangjf/programs/env/jdk1.8.0_181/jre/lib/ext/sunpkcs11.jar:/home/tangjf/programs/env/jdk1.8.0_181/jre/lib/ext/jfxrt.jar:/home/tangjf/programs/env/jdk1.8.0_181/jre/lib/ext/sunjce_provider.jar:/home/tangjf/programs/env/jdk1.8.0_181/jre/lib/ext/nashorn.jar:/home/tangjf/programs/env/jdk1.8.0_181/jre/lib/ext/localedata.jar:/home/tangjf/programs/workspace/java/webapp-java/webapp-manager/webapp-web/target/classes:/home/tangjf/programs/workspace/java/webapp-java/webapp-manager/webapp-service/target/classes:/home/tangjf/programs/workspace/java/webapp-java/webapp-manager/webapp-proxy/target/classes:/home/tangjf/programs/workspace/java/webapp-java/webapp-manager/webapp-pojo/target/classes:/home/tangjf/programs/workspace/java/webapp-java/webapp-manager/webapp-dao/target/classes:/home/tangjf/.m2/repository/mysql/mysql-connector-java/5.1.47/mysql-connector-java-5.1.47.jar:/home/tangjf/.m2/repository/org/springframework/boot/spring-boot-starter-data-jpa/2.0.5.RELEASE/spring-boot-starter-data-jpa-2.0.5.RELEASE.jar:/home/tangjf/.m2/repository/org/springframework/boot/spring-boot-starter-aop/2.0.5.RELEASE/spring-boot-starter-aop-2.0.5.RELEASE.jar:/home/tangjf/.m2/repository/org/springframework/spring-aop/5.0.9.RELEASE/spring-aop-5.0.9.RELEASE.jar:/home/tangjf/.m2/repository/org/aspectj/aspectjweaver/1.8.13/aspe
Launcher Type: SUN_STANDARD

Environment Variables:
JAVA_HOME=/home/tangjf/programs/env/jdk1.8.0_181
CLASSPATH=.:/home/tangjf/programs/env/jdk1.8.0_181/jre/lib/rt.jar:/home/tangjf/programs/env/jdk1.8.0_181/lib/dt.jar:/home/tangjf/programs/env/jdk1.8.0_181/lib/tools.jar
PATH=/home/tangjf/.local/bin:/usr/local/sbin:/usr/local/bin:/usr/sbin:/usr/bin:/sbin:/bin:/usr/games:/usr/local/games:/snap/bin:/home/tangjf/programs/env/jdk1.8.0_181/bin
USERNAME=tangjf
SHELL=/bin/bash
DISPLAY=:0

Signal Handlers:
SIGSEGV: [libjvm.so+0xad2a40], sa_mask[0]=11111111011111111101111111111110, sa_flags=SA_RESTART|SA_SIGINFO
SIGBUS: [libjvm.so+0xad2a40], sa_mask[0]=11111111011111111101111111111110, sa_flags=SA_RESTART|SA_SIGINFO
SIGFPE: [libjvm.so+0x92a610], sa_mask[0]=11111111011111111101111111111110, sa_flags=SA_RESTART|SA_SIGINFO
SIGPIPE: [libjvm.so+0x92a610], sa_mask[0]=11111111011111111101111111111110, sa_flags=SA_RESTART|SA_SIGINFO
SIGXFSZ: [libjvm.so+0x92a610], sa_mask[0]=11111111011111111101111111111110, sa_flags=SA_RESTART|SA_SIGINFO
SIGILL: [libjvm.so+0x92a610], sa_mask[0]=11111111011111111101111111111110, sa_flags=SA_RESTART|SA_SIGINFO
SIGUSR1: SIG_DFL, sa_mask[0]=00000000000000000000000000000000, sa_flags=none
SIGUSR2: [libjvm.so+0x92be70], sa_mask[0]=00100000000000000000000000000000, sa_flags=SA_RESTART|SA_SIGINFO
SIGHUP: [libjvm.so+0x92d270], sa_mask[0]=11111111011111111101111111111110, sa_flags=SA_RESTART|SA_SIGINFO
SIGINT: [libjvm.so+0x92d270], sa_mask[0]=11111111011111111101111111111110, sa_flags=SA_RESTART|SA_SIGINFO
SIGTERM: [libjvm.so+0x92d270], sa_mask[0]=11111111011111111101111111111110, sa_flags=SA_RESTART|SA_SIGINFO
SIGQUIT: [libjvm.so+0x92d270], sa_mask[0]=11111111011111111101111111111110, sa_flags=SA_RESTART|SA_SIGINFO


---------------  S Y S T E M  ---------------

OS:DISTRIB_ID=Ubuntu
DISTRIB_RELEASE=18.04
DISTRIB_CODENAME=bionic
DISTRIB_DESCRIPTION="Ubuntu 18.04.1 LTS"

uname:Linux 4.15.0-34-generic #37-Ubuntu SMP Mon Aug 27 15:21:48 UTC 2018 x86_64
libc:glibc 2.27 NPTL 2.27 
rlimit: STACK 8192k, CORE 0k, NPROC 15449, NOFILE 1048576, AS infinity
load average:0.34 0.29 0.28

/proc/meminfo:
MemTotal:        4015680 kB
MemFree:          138004 kB
MemAvailable:      54412 kB
Buffers:            2484 kB
Cached:            31216 kB
SwapCached:        16268 kB
Active:          2975152 kB
Inactive:         616940 kB
Active(anon):    2966972 kB
Inactive(anon):   599360 kB
Active(file):       8180 kB
Inactive(file):    17580 kB
Unevictable:          32 kB
Mlocked:              32 kB
SwapTotal:       1942896 kB
SwapFree:          47876 kB
Dirty:                88 kB
Writeback:             0 kB
AnonPages:       3543524 kB
Mapped:            25280 kB
Shmem:              7408 kB
Slab:             123432 kB
SReclaimable:      48004 kB
SUnreclaim:        75428 kB
KernelStack:       17184 kB
PageTables:        56724 kB
NFS_Unstable:          0 kB
Bounce:                0 kB
WritebackTmp:          0 kB
CommitLimit:     3950736 kB
Committed_AS:   11388296 kB
VmallocTotal:   34359738367 kB
VmallocUsed:           0 kB
VmallocChunk:          0 kB
HardwareCorrupted:     0 kB
AnonHugePages:         0 kB
ShmemHugePages:        0 kB
ShmemPmdMapped:        0 kB
CmaTotal:              0 kB
CmaFree:               0 kB
HugePages_Total:       0
HugePages_Free:        0
HugePages_Rsvd:        0
HugePages_Surp:        0
Hugepagesize:       2048 kB
DirectMap4k:      177984 kB
DirectMap2M:     4016128 kB
DirectMap1G:     2097152 kB


CPU:total 8 (initial active 8) (2 cores per cpu, 1 threads per core) family 6 model 158 stepping 9, cmov, cx8, fxsr, mmx, sse, sse2, sse3, ssse3, sse4.1, sse4.2, popcnt, avx, avx2, aes, clmul, erms, 3dnowpref, lzcnt, tsc, tscinvbit, bmi1, bmi2, adx

/proc/cpuinfo:
processor	: 0
vendor_id	: GenuineIntel
cpu family	: 6
model		: 158
model name	: Intel(R) Core(TM) i7-7700HQ CPU @ 2.80GHz
stepping	: 9
microcode	: 0x48
cpu MHz		: 2807.996
cache size	: 6144 KB
physical id	: 0
siblings	: 2
core id		: 0
cpu cores	: 2
apicid		: 0
initial apicid	: 0
fpu		: yes
fpu_exception	: yes
cpuid level	: 22
wp		: yes
flags		: fpu vme de pse tsc msr pae mce cx8 apic sep mtrr pge mca cmov pat pse36 clflush dts mmx fxsr sse sse2 ss ht syscall nx pdpe1gb rdtscp lm constant_tsc arch_perfmon pebs bts nopl xtopology tsc_reliable nonstop_tsc cpuid aperfmperf pni pclmulqdq ssse3 fma cx16 pcid sse4_1 sse4_2 x2apic movbe popcnt tsc_deadline_timer aes xsave avx f16c rdrand hypervisor lahf_lm abm 3dnowprefetch epb invpcid_single pti fsgsbase tsc_adjust bmi1 avx2 smep bmi2 invpcid rdseed adx smap xsaveopt dtherm ida arat pln pts hwp hwp_notify hwp_act_window hwp_epp
bugs		: cpu_meltdown spectre_v1 spectre_v2 spec_store_bypass l1tf
bogomips	: 5615.99
clflush size	: 64
cache_alignment	: 64
address sizes	: 42 bits physical, 48 bits virtual
power management:

processor	: 1
vendor_id	: GenuineIntel
cpu family	: 6
model		: 158
model name	: Intel(R) Core(TM) i7-7700HQ CPU @ 2.80GHz
stepping	: 9
microcode	: 0x48
cpu MHz		: 2807.996
cache size	: 6144 KB
physical id	: 0
siblings	: 2
core id		: 1
cpu cores	: 2
apicid		: 1
initial apicid	: 1
fpu		: yes
fpu_exception	: yes
cpuid level	: 22
wp		: yes
flags		: fpu vme de pse tsc msr pae mce cx8 apic sep mtrr pge mca cmov pat pse36 clflush dts mmx fxsr sse sse2 ss ht syscall nx pdpe1gb rdtscp lm constant_tsc arch_perfmon pebs bts nopl xtopology tsc_reliable nonstop_tsc cpuid aperfmperf pni pclmulqdq ssse3 fma cx16 pcid sse4_1 sse4_2 x2apic movbe popcnt tsc_deadline_timer aes xsave avx f16c rdrand hypervisor lahf_lm abm 3dnowprefetch epb invpcid_single pti fsgsbase tsc_adjust bmi1 avx2 smep bmi2 invpcid rdseed adx smap xsaveopt dtherm ida arat pln pts hwp hwp_notify hwp_act_window hwp_epp
bugs		: cpu_meltdown spectre_v1 spectre_v2 spec_store_bypass l1tf
bogomips	: 5615.99
clflush size	: 64
cache_alignment	: 64
address sizes	: 42 bits physical, 48 bits virtual
power management:

processor	: 2
vendor_id	: GenuineIntel
cpu family	: 6
model		: 158
model name	: Intel(R) Core(TM) i7-7700HQ CPU @ 2.80GHz
stepping	: 9
microcode	: 0x48
cpu MHz		: 2807.996
cache size	: 6144 KB
physical id	: 1
siblings	: 2
core id		: 0
cpu cores	: 2
apicid		: 2
initial apicid	: 2
fpu		: yes
fpu_exception	: yes
cpuid level	: 22
wp		: yes
flags		: fpu vme de pse tsc msr pae mce cx8 apic sep mtrr pge mca cmov pat pse36 clflush dts mmx fxsr sse sse2 ss ht syscall nx pdpe1gb rdtscp lm constant_tsc arch_perfmon pebs bts nopl xtopology tsc_reliable nonstop_tsc cpuid aperfmperf pni pclmulqdq ssse3 fma cx16 pcid sse4_1 sse4_2 x2apic movbe popcnt tsc_deadline_timer aes xsave avx f16c rdrand hypervisor lahf_lm abm 3dnowprefetch epb invpcid_single pti fsgsbase tsc_adjust bmi1 avx2 smep bmi2 invpcid rdseed adx smap xsaveopt dtherm ida arat pln pts hwp hwp_notify hwp_act_window hwp_epp
bugs		: cpu_meltdown spectre_v1 spectre_v2 spec_store_bypass l1tf
bogomips	: 5615.99
clflush size	: 64
cache_alignment	: 64
address sizes	: 42 bits physical, 48 bits virtual
power management:

processor	: 3
vendor_id	: GenuineIntel
cpu family	: 6
model		: 158
model name	: Intel(R) Core(TM) i7-7700HQ CPU @ 2.80GHz
stepping	: 9
microcode	: 0x48
cpu MHz		: 2807.996
cache size	: 6144 KB
physical id	: 1
siblings	: 2
core id		: 1
cpu cores	: 2
apicid		: 3
initial apicid	: 3
fpu		: yes
fpu_exception	: yes
cpuid level	: 22
wp		: yes
flags		: fpu vme de pse tsc msr pae mce cx8 apic sep mtrr pge mca cmov pat pse36 clflush dts mmx fxsr sse sse2 ss ht syscall nx pdpe1gb rdtscp lm constant_tsc arch_perfmon pebs bts nopl xtopology tsc_reliable nonstop_tsc cpuid aperfmperf pni pclmulqdq ssse3 fma cx16 pcid sse4_1 sse4_2 x2apic movbe popcnt tsc_deadline_timer aes xsave avx f16c rdrand hypervisor lahf_lm abm 3dnowprefetch epb invpcid_single pti fsgsbase tsc_adjust bmi1 avx2 smep bmi2 invpcid rdseed adx smap xsaveopt dtherm ida arat pln pts hwp hwp_notify hwp_act_window hwp_epp
bugs		: cpu_meltdown spectre_v1 spectre_v2 spec_store_bypass l1tf
bogomips	: 5615.99
clflush size	: 64
cache_alignment	: 64
address sizes	: 42 bits physical, 48 bits virtual
power management:

processor	: 4
vendor_id	: GenuineIntel
cpu family	: 6
model		: 158
model name	: Intel(R) Core(TM) i7-7700HQ CPU @ 2.80GHz
stepping	: 9
microcode	: 0x48
cpu MHz		: 2807.996
cache size	: 6144 KB
physical id	: 2
siblings	: 2
core id		: 0
cpu cores	: 2
apicid		: 4
initial apicid	: 4
fpu		: yes
fpu_exception	: yes
cpuid level	: 22
wp		: yes
flags		: fpu vme de pse tsc msr pae mce cx8 apic sep mtrr pge mca cmov pat pse36 clflush dts mmx fxsr sse sse2 ss ht syscall nx pdpe1gb rdtscp lm constant_tsc arch_perfmon pebs bts nopl xtopology tsc_reliable nonstop_tsc cpuid aperfmperf pni pclmulqdq ssse3 fma cx16 pcid sse4_1 sse4_2 x2apic movbe popcnt tsc_deadline_timer aes xsave avx f16c rdrand hypervisor lahf_lm abm 3dnowprefetch epb invpcid_single pti fsgsbase tsc_adjust bmi1 avx2 smep bmi2 invpcid rdseed adx smap xsaveopt dtherm ida arat pln pts hwp hwp_notify hwp_act_window hwp_epp
bugs		: cpu_meltdown spectre_v1 spectre_v2 spec_store_bypass l1tf
bogomips	: 5615.99
clflush size	: 64
cache_alignment	: 64
address sizes	: 42 bits physical, 48 bits virtual
power management:

processor	: 5
vendor_id	: GenuineIntel
cpu family	: 6
model		: 158
model name	: Intel(R) Core(TM) i7-7700HQ CPU @ 2.80GHz
stepping	: 9
microcode	: 0x48
cpu MHz		: 2807.996
cache size	: 6144 KB
physical id	: 2
siblings	: 2
core id		: 1
cpu cores	: 2
apicid		: 5
initial apicid	: 5
fpu		: yes
fpu_exception	: yes
cpuid level	: 22
wp		: yes
flags		: fpu vme de pse tsc msr pae mce cx8 apic sep mtrr pge mca cmov pat pse36 clflush dts mmx fxsr sse sse2 ss ht syscall nx pdpe1gb rdtscp lm constant_tsc arch_perfmon pebs bts nopl xtopology tsc_reliable nonstop_tsc cpuid aperfmperf pni pclmulqdq ssse3 fma cx16 pcid sse4_1 sse4_2 x2apic movbe popcnt tsc_deadline_timer aes xsave avx f16c rdrand hypervisor lahf_lm abm 3dnowprefetch epb invpcid_single pti fsgsbase tsc_adjust bmi1 avx2 smep bmi2 invpcid rdseed adx smap xsaveopt dtherm ida arat pln pts hwp hwp_notify hwp_act_window hwp_epp
bugs		: cpu_meltdown spectre_v1 spectre_v2 spec_store_bypass l1tf
bogomips	: 5615.99
clflush size	: 64
cache_alignment	: 64
address sizes	: 42 bits physical, 48 bits virtual
power management:

processor	: 6
vendor_id	: GenuineIntel
cpu family	: 6
model		: 158
model name	: Intel(R) Core(TM) i7-7700HQ CPU @ 2.80GHz
stepping	: 9
microcode	: 0x48
cpu MHz		: 2807.996
cache size	: 6144 KB
physical id	: 3
siblings	: 2
core id		: 0
cpu cores	: 2
apicid		: 6
initial apicid	: 6
fpu		: yes
fpu_exception	: yes
cpuid level	: 22
wp		: yes
flags		: fpu vme de pse tsc msr pae mce cx8 apic sep mtrr pge mca cmov pat pse36 clflush dts mmx fxsr sse sse2 ss ht syscall nx pdpe1gb rdtscp lm constant_tsc arch_perfmon pebs bts nopl xtopology tsc_reliable nonstop_tsc cpuid aperfmperf pni pclmulqdq ssse3 fma cx16 pcid sse4_1 sse4_2 x2apic movbe popcnt tsc_deadline_timer aes xsave avx f16c rdrand hypervisor lahf_lm abm 3dnowprefetch epb invpcid_single pti fsgsbase tsc_adjust bmi1 avx2 smep bmi2 invpcid rdseed adx smap xsaveopt dtherm ida arat pln pts hwp hwp_notify hwp_act_window hwp_epp
bugs		: cpu_meltdown spectre_v1 spectre_v2 spec_store_bypass l1tf
bogomips	: 5615.99
clflush size	: 64
cache_alignment	: 64
address sizes	: 42 bits physical, 48 bits virtual
power management:

processor	: 7
vendor_id	: GenuineIntel
cpu family	: 6
model		: 158
model name	: Intel(R) Core(TM) i7-7700HQ CPU @ 2.80GHz
stepping	: 9
microcode	: 0x48
cpu MHz		: 2807.996
cache size	: 6144 KB
physical id	: 3
siblings	: 2
core id		: 1
cpu cores	: 2
apicid		: 7
initial apicid	: 7
fpu		: yes
fpu_exception	: yes
cpuid level	: 22
wp		: yes
flags		: fpu vme de pse tsc msr pae mce cx8 apic sep mtrr pge mca cmov pat pse36 clflush dts mmx fxsr sse sse2 ss ht syscall nx pdpe1gb rdtscp lm constant_tsc arch_perfmon pebs bts nopl xtopology tsc_reliable nonstop_tsc cpuid aperfmperf pni pclmulqdq ssse3 fma cx16 pcid sse4_1 sse4_2 x2apic movbe popcnt tsc_deadline_timer aes xsave avx f16c rdrand hypervisor lahf_lm abm 3dnowprefetch epb invpcid_single pti fsgsbase tsc_adjust bmi1 avx2 smep bmi2 invpcid rdseed adx smap xsaveopt dtherm ida arat pln pts hwp hwp_notify hwp_act_window hwp_epp
bugs		: cpu_meltdown spectre_v1 spectre_v2 spec_store_bypass l1tf
bogomips	: 5615.99
clflush size	: 64
cache_alignment	: 64
address sizes	: 42 bits physical, 48 bits virtual
power management:



Memory: 4k page, physical 4015680k(137632k free), swap 1942896k(48132k free)

vm_info: Java HotSpot(TM) 64-Bit Server VM (25.181-b13) for linux-amd64 JRE (1.8.0_181-b13), built on Jul  7 2018 00:56:38 by "java_re" with gcc 4.3.0 20080428 (Red Hat 4.3.0-8)

time: Sun Sep 23 01:56:09 2018
elapsed time: 27961 seconds (0d 7h 46m 1s)

